{"/workspaces/snakkaz-chat/src/components/chat/SimpleChat.tsx": {"path":"/workspaces/snakkaz-chat/src/components/chat/SimpleChat.tsx","statementMap":{"0":{"start":{"line":1,"column":0},"end":{"line":1,"column":40}},"1":{"start":{"line":2,"column":0},"end":{"line":2,"column":42}},"2":{"start":{"line":3,"column":0},"end":{"line":3,"column":48}},"3":{"start":{"line":4,"column":0},"end":{"line":4,"column":46}},"4":{"start":{"line":5,"column":0},"end":{"line":5,"column":44}},"5":{"start":{"line":6,"column":0},"end":{"line":6,"column":57}},"6":{"start":{"line":9,"column":29},"end":{"line":87,"column":1}},"7":{"start":{"line":10,"column":19},"end":{"line":10,"column":28}},"8":{"start":{"line":11,"column":32},"end":{"line":11,"column":44}},"9":{"start":{"line":12,"column":34},"end":{"line":12,"column":112}},"10":{"start":{"line":14,"column":22},"end":{"line":25,"column":3}},"11":{"start":{"line":15,"column":4},"end":{"line":24,"column":5}},"12":{"start":{"line":16,"column":25},"end":{"line":21,"column":8}},"13":{"start":{"line":22,"column":6},"end":{"line":22,"column":49}},"14":{"start":{"line":22,"column":26},"end":{"line":22,"column":47}},"15":{"start":{"line":23,"column":6},"end":{"line":23,"column":21}},"16":{"start":{"line":27,"column":2},"end":{"line":34,"column":3}},"17":{"start":{"line":28,"column":4},"end":{"line":33,"column":6}},"18":{"start":{"line":36,"column":2},"end":{"line":86,"column":4}},"19":{"start":{"line":51,"column":14},"end":{"line":51,"column":32}},"20":{"start":{"line":69,"column":29},"end":{"line":69,"column":55}},"21":{"start":{"line":71,"column":31},"end":{"line":71,"column":65}},"22":{"start":{"line":89,"column":0},"end":{"line":89,"column":26}}},"fnMap":{"0":{"name":"(anonymous_9)","decl":{"start":{"line":9,"column":29},"end":{"line":9,"column":32}},"loc":{"start":{"line":9,"column":34},"end":{"line":87,"column":1}}},"1":{"name":"(anonymous_10)","decl":{"start":{"line":14,"column":22},"end":{"line":14,"column":25}},"loc":{"start":{"line":14,"column":27},"end":{"line":25,"column":3}}},"2":{"name":"(anonymous_11)","decl":{"start":{"line":22,"column":18},"end":{"line":22,"column":22}},"loc":{"start":{"line":22,"column":26},"end":{"line":22,"column":47}}},"3":{"name":"(anonymous_12)","decl":{"start":{"line":50,"column":26},"end":{"line":50,"column":27}},"loc":{"start":{"line":51,"column":14},"end":{"line":51,"column":32}}},"4":{"name":"(anonymous_13)","decl":{"start":{"line":69,"column":22},"end":{"line":69,"column":23}},"loc":{"start":{"line":69,"column":29},"end":{"line":69,"column":55}}},"5":{"name":"(anonymous_14)","decl":{"start":{"line":71,"column":24},"end":{"line":71,"column":25}},"loc":{"start":{"line":71,"column":31},"end":{"line":71,"column":65}}}},"branchMap":{"0":{"loc":{"start":{"line":15,"column":4},"end":{"line":24,"column":5}},"type":"if","locations":[{"start":{"line":15,"column":4},"end":{"line":24,"column":5}}]},"1":{"loc":{"start":{"line":15,"column":8},"end":{"line":15,"column":30}},"type":"binary-expr","locations":[{"start":{"line":15,"column":8},"end":{"line":15,"column":22}},{"start":{"line":15,"column":26},"end":{"line":15,"column":30}}]},"2":{"loc":{"start":{"line":19,"column":14},"end":{"line":19,"column":36}},"type":"binary-expr","locations":[{"start":{"line":19,"column":14},"end":{"line":19,"column":24}},{"start":{"line":19,"column":28},"end":{"line":19,"column":36}}]},"3":{"loc":{"start":{"line":27,"column":2},"end":{"line":34,"column":3}},"type":"if","locations":[{"start":{"line":27,"column":2},"end":{"line":34,"column":3}}]},"4":{"loc":{"start":{"line":44,"column":9},"end":{"line":61,"column":null}},"type":"cond-expr","locations":[{"start":{"line":45,"column":10},"end":{"line":46,"column":null}},{"start":{"line":49,"column":10},"end":{"line":60,"column":null}}]},"5":{"loc":{"start":{"line":71,"column":31},"end":{"line":71,"column":65}},"type":"binary-expr","locations":[{"start":{"line":71,"column":31},"end":{"line":71,"column":48}},{"start":{"line":71,"column":52},"end":{"line":71,"column":65}}]}},"s":{"0":1,"1":1,"2":1,"3":1,"4":1,"5":1,"6":1,"7":15,"8":15,"9":15,"10":15,"11":0,"12":0,"13":0,"14":0,"15":0,"16":15,"17":0,"18":15,"19":0,"20":12,"21":12,"22":1},"f":{"0":15,"1":0,"2":0,"3":0,"4":12,"5":12},"b":{"0":[0],"1":[0,0],"2":[0,0],"3":[0],"4":[15,0],"5":[12,0]}}
,"/workspaces/snakkaz-chat/src/components/ui/alert.tsx": {"path":"/workspaces/snakkaz-chat/src/components/ui/alert.tsx","statementMap":{"0":{"start":{"line":1,"column":0},"end":{"line":1,"column":30}},"1":{"start":{"line":2,"column":0},"end":{"line":2,"column":65}},"2":{"start":{"line":4,"column":0},"end":{"line":4,"column":32}},"3":{"start":{"line":6,"column":22},"end":{"line":19,"column":null}},"4":{"start":{"line":22,"column":14},"end":{"line":32,"column":2}},"5":{"start":{"line":26,"column":2},"end":{"line":30,"column":null}},"6":{"start":{"line":59,"column":9},"end":{"line":59,"column":14}},"7":{"start":{"line":33,"column":0},"end":{"line":33,"column":null}},"8":{"start":{"line":35,"column":19},"end":{"line":44,"column":2}},"9":{"start":{"line":39,"column":2},"end":{"line":42,"column":null}},"10":{"start":{"line":59,"column":16},"end":{"line":59,"column":26}},"11":{"start":{"line":45,"column":0},"end":{"line":45,"column":null}},"12":{"start":{"line":47,"column":25},"end":{"line":56,"column":2}},"13":{"start":{"line":51,"column":2},"end":{"line":54,"column":null}},"14":{"start":{"line":59,"column":28},"end":{"line":59,"column":44}},"15":{"start":{"line":57,"column":0},"end":{"line":57,"column":null}}},"fnMap":{"0":{"name":"(anonymous_9)","decl":{"start":{"line":25,"column":2},"end":{"line":25,"column":3}},"loc":{"start":{"line":26,"column":2},"end":{"line":30,"column":null}}},"1":{"name":"(anonymous_10)","decl":{"start":{"line":38,"column":2},"end":{"line":38,"column":3}},"loc":{"start":{"line":39,"column":2},"end":{"line":42,"column":null}}},"2":{"name":"(anonymous_11)","decl":{"start":{"line":50,"column":2},"end":{"line":50,"column":3}},"loc":{"start":{"line":51,"column":2},"end":{"line":54,"column":null}}}},"branchMap":{},"s":{"0":1,"1":1,"2":1,"3":1,"4":1,"5":18,"6":1,"7":1,"8":1,"9":0,"10":1,"11":1,"12":1,"13":18,"14":1,"15":1},"f":{"0":18,"1":0,"2":18},"b":{}}
,"/workspaces/snakkaz-chat/src/components/ui/button.tsx": {"path":"/workspaces/snakkaz-chat/src/components/ui/button.tsx","statementMap":{"0":{"start":{"line":1,"column":0},"end":{"line":1,"column":30}},"1":{"start":{"line":2,"column":0},"end":{"line":2,"column":43}},"2":{"start":{"line":3,"column":0},"end":{"line":3,"column":65}},"3":{"start":{"line":4,"column":0},"end":{"line":4,"column":32}},"4":{"start":{"line":7,"column":23},"end":{"line":40,"column":null}},"5":{"start":{"line":63,"column":17},"end":{"line":63,"column":31}},"6":{"start":{"line":49,"column":15},"end":{"line":59,"column":null}},"7":{"start":{"line":51,"column":17},"end":{"line":51,"column":42}},"8":{"start":{"line":52,"column":4},"end":{"line":58,"column":null}},"9":{"start":{"line":63,"column":9},"end":{"line":63,"column":15}},"10":{"start":{"line":61,"column":0},"end":{"line":61,"column":null}}},"fnMap":{"0":{"name":"(anonymous_9)","decl":{"start":{"line":50,"column":2},"end":{"line":50,"column":3}},"loc":{"start":{"line":50,"column":67},"end":{"line":59,"column":3}}}},"branchMap":{"0":{"loc":{"start":{"line":50,"column":31},"end":{"line":50,"column":46}},"type":"default-arg","locations":[{"start":{"line":50,"column":41},"end":{"line":50,"column":46}}]},"1":{"loc":{"start":{"line":51,"column":17},"end":{"line":51,"column":42}},"type":"cond-expr","locations":[{"start":{"line":51,"column":27},"end":{"line":51,"column":31}},{"start":{"line":51,"column":34},"end":{"line":51,"column":42}}]}},"s":{"0":2,"1":2,"2":2,"3":2,"4":2,"5":2,"6":2,"7":200,"8":200,"9":2,"10":2},"f":{"0":200},"b":{"0":[200],"1":[0,200]}}
,"/workspaces/snakkaz-chat/src/components/ui/card.tsx": {"path":"/workspaces/snakkaz-chat/src/components/ui/card.tsx","statementMap":{"0":{"start":{"line":2,"column":0},"end":{"line":2,"column":30}},"1":{"start":{"line":3,"column":0},"end":{"line":3,"column":32}},"2":{"start":{"line":5,"column":13},"end":{"line":17,"column":2}},"3":{"start":{"line":9,"column":2},"end":{"line":15,"column":null}},"4":{"start":{"line":79,"column":9},"end":{"line":79,"column":13}},"5":{"start":{"line":18,"column":0},"end":{"line":18,"column":null}},"6":{"start":{"line":20,"column":19},"end":{"line":29,"column":2}},"7":{"start":{"line":24,"column":2},"end":{"line":27,"column":null}},"8":{"start":{"line":79,"column":15},"end":{"line":79,"column":25}},"9":{"start":{"line":30,"column":0},"end":{"line":30,"column":null}},"10":{"start":{"line":32,"column":18},"end":{"line":44,"column":2}},"11":{"start":{"line":36,"column":2},"end":{"line":42,"column":null}},"12":{"start":{"line":79,"column":39},"end":{"line":79,"column":48}},"13":{"start":{"line":45,"column":0},"end":{"line":45,"column":null}},"14":{"start":{"line":47,"column":24},"end":{"line":56,"column":2}},"15":{"start":{"line":51,"column":2},"end":{"line":54,"column":null}},"16":{"start":{"line":79,"column":50},"end":{"line":79,"column":65}},"17":{"start":{"line":57,"column":0},"end":{"line":57,"column":null}},"18":{"start":{"line":59,"column":20},"end":{"line":64,"column":2}},"19":{"start":{"line":63,"column":2},"end":{"line":63,"column":68}},"20":{"start":{"line":79,"column":67},"end":{"line":79,"column":78}},"21":{"start":{"line":65,"column":0},"end":{"line":65,"column":null}},"22":{"start":{"line":67,"column":19},"end":{"line":76,"column":2}},"23":{"start":{"line":71,"column":2},"end":{"line":74,"column":null}},"24":{"start":{"line":79,"column":27},"end":{"line":79,"column":37}},"25":{"start":{"line":77,"column":0},"end":{"line":77,"column":null}}},"fnMap":{"0":{"name":"(anonymous_9)","decl":{"start":{"line":8,"column":2},"end":{"line":8,"column":3}},"loc":{"start":{"line":9,"column":2},"end":{"line":15,"column":null}}},"1":{"name":"(anonymous_10)","decl":{"start":{"line":23,"column":2},"end":{"line":23,"column":3}},"loc":{"start":{"line":24,"column":2},"end":{"line":27,"column":null}}},"2":{"name":"(anonymous_11)","decl":{"start":{"line":35,"column":2},"end":{"line":35,"column":3}},"loc":{"start":{"line":36,"column":2},"end":{"line":42,"column":null}}},"3":{"name":"(anonymous_12)","decl":{"start":{"line":50,"column":2},"end":{"line":50,"column":3}},"loc":{"start":{"line":51,"column":2},"end":{"line":54,"column":null}}},"4":{"name":"(anonymous_13)","decl":{"start":{"line":62,"column":2},"end":{"line":62,"column":3}},"loc":{"start":{"line":63,"column":2},"end":{"line":63,"column":68}}},"5":{"name":"(anonymous_14)","decl":{"start":{"line":70,"column":2},"end":{"line":70,"column":3}},"loc":{"start":{"line":71,"column":2},"end":{"line":74,"column":null}}}},"branchMap":{},"s":{"0":2,"1":2,"2":2,"3":105,"4":2,"5":2,"6":2,"7":90,"8":2,"9":2,"10":2,"11":90,"12":2,"13":2,"14":2,"15":90,"16":2,"17":2,"18":2,"19":90,"20":2,"21":2,"22":2,"23":0,"24":2,"25":2},"f":{"0":105,"1":90,"2":90,"3":90,"4":90,"5":0},"b":{}}
,"/workspaces/snakkaz-chat/src/components/ui/input.tsx": {"path":"/workspaces/snakkaz-chat/src/components/ui/input.tsx","statementMap":{"0":{"start":{"line":3,"column":0},"end":{"line":3,"column":30}},"1":{"start":{"line":4,"column":0},"end":{"line":4,"column":32}},"2":{"start":{"line":9,"column":14},"end":{"line":23,"column":null}},"3":{"start":{"line":11,"column":4},"end":{"line":22,"column":null}},"4":{"start":{"line":27,"column":9},"end":{"line":27,"column":14}},"5":{"start":{"line":25,"column":0},"end":{"line":25,"column":null}}},"fnMap":{"0":{"name":"(anonymous_9)","decl":{"start":{"line":10,"column":2},"end":{"line":10,"column":3}},"loc":{"start":{"line":10,"column":41},"end":{"line":23,"column":3}}}},"branchMap":{},"s":{"0":2,"1":2,"2":2,"3":109,"4":2,"5":2},"f":{"0":109},"b":{}}
,"/workspaces/snakkaz-chat/src/components/ui/label.tsx": {"path":"/workspaces/snakkaz-chat/src/components/ui/label.tsx","statementMap":{"0":{"start":{"line":1,"column":0},"end":{"line":1,"column":30}},"1":{"start":{"line":2,"column":0},"end":{"line":2,"column":55}},"2":{"start":{"line":3,"column":0},"end":{"line":3,"column":65}},"3":{"start":{"line":5,"column":0},"end":{"line":5,"column":32}},"4":{"start":{"line":7,"column":22},"end":{"line":8,"column":null}},"5":{"start":{"line":11,"column":14},"end":{"line":21,"column":2}},"6":{"start":{"line":16,"column":2},"end":{"line":19,"column":null}},"7":{"start":{"line":24,"column":9},"end":{"line":24,"column":14}},"8":{"start":{"line":22,"column":0},"end":{"line":22,"column":null}}},"fnMap":{"0":{"name":"(anonymous_9)","decl":{"start":{"line":15,"column":2},"end":{"line":15,"column":3}},"loc":{"start":{"line":16,"column":2},"end":{"line":19,"column":null}}}},"branchMap":{},"s":{"0":1,"1":1,"2":1,"3":1,"4":1,"5":1,"6":94,"7":1,"8":1},"f":{"0":94},"b":{}}
,"/workspaces/snakkaz-chat/src/components/ui/scroll-area.tsx": {"path":"/workspaces/snakkaz-chat/src/components/ui/scroll-area.tsx","statementMap":{"0":{"start":{"line":1,"column":0},"end":{"line":1,"column":30}},"1":{"start":{"line":2,"column":0},"end":{"line":2,"column":66}},"2":{"start":{"line":4,"column":0},"end":{"line":4,"column":32}},"3":{"start":{"line":6,"column":19},"end":{"line":21,"column":2}},"4":{"start":{"line":10,"column":2},"end":{"line":19,"column":null}},"5":{"start":{"line":46,"column":9},"end":{"line":46,"column":19}},"6":{"start":{"line":22,"column":0},"end":{"line":22,"column":null}},"7":{"start":{"line":24,"column":18},"end":{"line":43,"column":2}},"8":{"start":{"line":28,"column":2},"end":{"line":41,"column":null}},"9":{"start":{"line":46,"column":21},"end":{"line":46,"column":30}},"10":{"start":{"line":44,"column":0},"end":{"line":44,"column":null}}},"fnMap":{"0":{"name":"(anonymous_9)","decl":{"start":{"line":9,"column":2},"end":{"line":9,"column":3}},"loc":{"start":{"line":10,"column":2},"end":{"line":19,"column":null}}},"1":{"name":"(anonymous_10)","decl":{"start":{"line":27,"column":2},"end":{"line":27,"column":3}},"loc":{"start":{"line":28,"column":2},"end":{"line":41,"column":null}}}},"branchMap":{"0":{"loc":{"start":{"line":27,"column":16},"end":{"line":27,"column":40}},"type":"default-arg","locations":[{"start":{"line":27,"column":30},"end":{"line":27,"column":40}}]},"1":{"loc":{"start":{"line":33,"column":6},"end":{"line":34,"column":60}},"type":"binary-expr","locations":[{"start":{"line":33,"column":6},"end":{"line":33,"column":32}},{"start":{"line":34,"column":8},"end":{"line":34,"column":60}}]},"2":{"loc":{"start":{"line":35,"column":6},"end":{"line":36,"column":62}},"type":"binary-expr","locations":[{"start":{"line":35,"column":6},"end":{"line":35,"column":34}},{"start":{"line":36,"column":8},"end":{"line":36,"column":62}}]}},"s":{"0":1,"1":1,"2":1,"3":1,"4":15,"5":1,"6":1,"7":1,"8":15,"9":1,"10":1},"f":{"0":15,"1":15},"b":{"0":[15],"1":[15,15],"2":[15,0]}}
,"/workspaces/snakkaz-chat/src/components/ui/tabs.tsx": {"path":"/workspaces/snakkaz-chat/src/components/ui/tabs.tsx","statementMap":{"0":{"start":{"line":1,"column":0},"end":{"line":1,"column":30}},"1":{"start":{"line":2,"column":0},"end":{"line":2,"column":53}},"2":{"start":{"line":4,"column":0},"end":{"line":4,"column":32}},"3":{"start":{"line":6,"column":13},"end":{"line":6,"column":31}},"4":{"start":{"line":53,"column":9},"end":{"line":53,"column":13}},"5":{"start":{"line":8,"column":17},"end":{"line":20,"column":2}},"6":{"start":{"line":12,"column":2},"end":{"line":18,"column":null}},"7":{"start":{"line":53,"column":15},"end":{"line":53,"column":23}},"8":{"start":{"line":21,"column":0},"end":{"line":21,"column":null}},"9":{"start":{"line":23,"column":20},"end":{"line":35,"column":2}},"10":{"start":{"line":27,"column":2},"end":{"line":33,"column":null}},"11":{"start":{"line":53,"column":25},"end":{"line":53,"column":36}},"12":{"start":{"line":36,"column":0},"end":{"line":36,"column":null}},"13":{"start":{"line":38,"column":20},"end":{"line":50,"column":2}},"14":{"start":{"line":42,"column":2},"end":{"line":48,"column":null}},"15":{"start":{"line":53,"column":38},"end":{"line":53,"column":49}},"16":{"start":{"line":51,"column":0},"end":{"line":51,"column":null}}},"fnMap":{"0":{"name":"(anonymous_9)","decl":{"start":{"line":11,"column":2},"end":{"line":11,"column":3}},"loc":{"start":{"line":12,"column":2},"end":{"line":18,"column":null}}},"1":{"name":"(anonymous_10)","decl":{"start":{"line":26,"column":2},"end":{"line":26,"column":3}},"loc":{"start":{"line":27,"column":2},"end":{"line":33,"column":null}}},"2":{"name":"(anonymous_11)","decl":{"start":{"line":41,"column":2},"end":{"line":41,"column":3}},"loc":{"start":{"line":42,"column":2},"end":{"line":48,"column":null}}}},"branchMap":{},"s":{"0":1,"1":1,"2":1,"3":1,"4":1,"5":1,"6":90,"7":1,"8":1,"9":1,"10":187,"11":1,"12":1,"13":1,"14":187,"15":1,"16":1},"f":{"0":90,"1":187,"2":187},"b":{}}
,"/workspaces/snakkaz-chat/src/components/ui/use-toast.ts": {"path":"/workspaces/snakkaz-chat/src/components/ui/use-toast.ts","statementMap":{"0":{"start":{"line":11,"column":0},"end":{"line":11,"column":null}},"1":{"start":{"line":26,"column":13},"end":{"line":26,"column":37}}},"fnMap":{},"branchMap":{},"s":{"0":1,"1":1},"f":{},"b":{}}
,"/workspaces/snakkaz-chat/src/contexts/AuthContext.tsx": {"path":"/workspaces/snakkaz-chat/src/contexts/AuthContext.tsx","statementMap":{"0":{"start":{"line":1,"column":0},"end":{"line":1,"column":78}},"1":{"start":{"line":2,"column":0},"end":{"line":2,"column":101}},"2":{"start":{"line":6,"column":0},"end":{"line":9,"column":1}},"3":{"start":{"line":8,"column":2},"end":{"line":8,"column":31}},"4":{"start":{"line":25,"column":20},"end":{"line":37,"column":2}},"5":{"start":{"line":40,"column":9},"end":{"line":40,"column":20}},"6":{"start":{"line":42,"column":23},"end":{"line":42,"column":52}},"7":{"start":{"line":42,"column":29},"end":{"line":42,"column":52}},"8":{"start":{"line":42,"column":13},"end":{"line":42,"column":23}},"9":{"start":{"line":44,"column":67},"end":{"line":267,"column":1}},"10":{"start":{"line":45,"column":26},"end":{"line":45,"column":53}},"11":{"start":{"line":46,"column":34},"end":{"line":46,"column":57}},"12":{"start":{"line":47,"column":28},"end":{"line":47,"column":57}},"13":{"start":{"line":49,"column":2},"end":{"line":89,"column":9}},"14":{"start":{"line":51,"column":22},"end":{"line":68,"column":5}},"15":{"start":{"line":52,"column":6},"end":{"line":67,"column":7}},"16":{"start":{"line":53,"column":32},"end":{"line":53,"column":70}},"17":{"start":{"line":55,"column":8},"end":{"line":57,"column":9}},"18":{"start":{"line":56,"column":10},"end":{"line":56,"column":22}},"19":{"start":{"line":59,"column":8},"end":{"line":61,"column":9}},"20":{"start":{"line":60,"column":10},"end":{"line":60,"column":37}},"21":{"start":{"line":63,"column":8},"end":{"line":63,"column":70}},"22":{"start":{"line":64,"column":28},"end":{"line":64,"column":99}},"23":{"start":{"line":66,"column":8},"end":{"line":66,"column":26}},"24":{"start":{"line":70,"column":4},"end":{"line":70,"column":16}},"25":{"start":{"line":73,"column":35},"end":{"line":81,"column":null}},"26":{"start":{"line":75,"column":8},"end":{"line":79,"column":9}},"27":{"start":{"line":76,"column":10},"end":{"line":76,"column":32}},"28":{"start":{"line":78,"column":10},"end":{"line":78,"column":24}},"29":{"start":{"line":80,"column":8},"end":{"line":80,"column":26}},"30":{"start":{"line":84,"column":4},"end":{"line":88,"column":6}},"31":{"start":{"line":85,"column":6},"end":{"line":87,"column":7}},"32":{"start":{"line":86,"column":8},"end":{"line":86,"column":48}},"33":{"start":{"line":92,"column":17},"end":{"line":108,"column":3}},"34":{"start":{"line":93,"column":4},"end":{"line":107,"column":5}},"35":{"start":{"line":94,"column":6},"end":{"line":94,"column":23}},"36":{"start":{"line":95,"column":6},"end":{"line":95,"column":21}},"37":{"start":{"line":97,"column":19},"end":{"line":97,"column":54}},"38":{"start":{"line":99,"column":6},"end":{"line":101,"column":7}},"39":{"start":{"line":100,"column":8},"end":{"line":100,"column":27}},"40":{"start":{"line":103,"column":6},"end":{"line":103,"column":54}},"41":{"start":{"line":104,"column":6},"end":{"line":104,"column":16}},"42":{"start":{"line":106,"column":6},"end":{"line":106,"column":24}},"43":{"start":{"line":111,"column":18},"end":{"line":125,"column":3}},"44":{"start":{"line":112,"column":4},"end":{"line":124,"column":5}},"45":{"start":{"line":113,"column":6},"end":{"line":113,"column":23}},"46":{"start":{"line":114,"column":6},"end":{"line":114,"column":21}},"47":{"start":{"line":116,"column":6},"end":{"line":116,"column":28}},"48":{"start":{"line":118,"column":6},"end":{"line":118,"column":20}},"49":{"start":{"line":120,"column":6},"end":{"line":120,"column":53}},"50":{"start":{"line":121,"column":6},"end":{"line":121,"column":16}},"51":{"start":{"line":123,"column":6},"end":{"line":123,"column":24}},"52":{"start":{"line":128,"column":17},"end":{"line":153,"column":3}},"53":{"start":{"line":129,"column":4},"end":{"line":152,"column":5}},"54":{"start":{"line":130,"column":6},"end":{"line":130,"column":23}},"55":{"start":{"line":131,"column":6},"end":{"line":131,"column":21}},"56":{"start":{"line":133,"column":30},"end":{"line":141,"column":8}},"57":{"start":{"line":143,"column":6},"end":{"line":143,"column":29}},"58":{"start":{"line":143,"column":17},"end":{"line":143,"column":29}},"59":{"start":{"line":148,"column":6},"end":{"line":148,"column":56}},"60":{"start":{"line":149,"column":6},"end":{"line":149,"column":16}},"61":{"start":{"line":151,"column":6},"end":{"line":151,"column":24}},"62":{"start":{"line":156,"column":24},"end":{"line":172,"column":3}},"63":{"start":{"line":157,"column":4},"end":{"line":171,"column":5}},"64":{"start":{"line":158,"column":6},"end":{"line":158,"column":23}},"65":{"start":{"line":159,"column":6},"end":{"line":159,"column":21}},"66":{"start":{"line":161,"column":24},"end":{"line":163,"column":8}},"67":{"start":{"line":165,"column":6},"end":{"line":165,"column":29}},"68":{"start":{"line":165,"column":17},"end":{"line":165,"column":29}},"69":{"start":{"line":167,"column":6},"end":{"line":167,"column":70}},"70":{"start":{"line":168,"column":6},"end":{"line":168,"column":16}},"71":{"start":{"line":170,"column":6},"end":{"line":170,"column":24}},"72":{"start":{"line":175,"column":24},"end":{"line":196,"column":3}},"73":{"start":{"line":176,"column":4},"end":{"line":176,"column":60}},"74":{"start":{"line":176,"column":15},"end":{"line":176,"column":60}},"75":{"start":{"line":178,"column":4},"end":{"line":195,"column":5}},"76":{"start":{"line":179,"column":6},"end":{"line":179,"column":23}},"77":{"start":{"line":180,"column":6},"end":{"line":180,"column":21}},"78":{"start":{"line":182,"column":24},"end":{"line":184,"column":8}},"79":{"start":{"line":186,"column":6},"end":{"line":186,"column":29}},"80":{"start":{"line":186,"column":17},"end":{"line":186,"column":29}},"81":{"start":{"line":189,"column":6},"end":{"line":189,"column":103}},"82":{"start":{"line":189,"column":22},"end":{"line":189,"column":101}},"83":{"start":{"line":191,"column":6},"end":{"line":191,"column":65}},"84":{"start":{"line":192,"column":6},"end":{"line":192,"column":16}},"85":{"start":{"line":194,"column":6},"end":{"line":194,"column":24}},"86":{"start":{"line":199,"column":25},"end":{"line":217,"column":3}},"87":{"start":{"line":200,"column":4},"end":{"line":200,"column":60}},"88":{"start":{"line":200,"column":15},"end":{"line":200,"column":60}},"89":{"start":{"line":202,"column":4},"end":{"line":216,"column":5}},"90":{"start":{"line":203,"column":6},"end":{"line":203,"column":23}},"91":{"start":{"line":204,"column":6},"end":{"line":204,"column":21}},"92":{"start":{"line":206,"column":24},"end":{"line":208,"column":8}},"93":{"start":{"line":210,"column":6},"end":{"line":210,"column":29}},"94":{"start":{"line":210,"column":17},"end":{"line":210,"column":29}},"95":{"start":{"line":212,"column":6},"end":{"line":212,"column":66}},"96":{"start":{"line":213,"column":6},"end":{"line":213,"column":16}},"97":{"start":{"line":215,"column":6},"end":{"line":215,"column":24}},"98":{"start":{"line":220,"column":27},"end":{"line":231,"column":3}},"99":{"start":{"line":221,"column":4},"end":{"line":221,"column":60}},"100":{"start":{"line":221,"column":15},"end":{"line":221,"column":60}},"101":{"start":{"line":223,"column":4},"end":{"line":230,"column":5}},"102":{"start":{"line":224,"column":6},"end":{"line":224,"column":57}},"103":{"start":{"line":226,"column":26},"end":{"line":226,"column":114}},"104":{"start":{"line":228,"column":6},"end":{"line":228,"column":68}},"105":{"start":{"line":229,"column":6},"end":{"line":229,"column":16}},"106":{"start":{"line":234,"column":27},"end":{"line":246,"column":3}},"107":{"start":{"line":235,"column":4},"end":{"line":235,"column":60}},"108":{"start":{"line":235,"column":15},"end":{"line":235,"column":60}},"109":{"start":{"line":237,"column":4},"end":{"line":245,"column":5}},"110":{"start":{"line":240,"column":6},"end":{"line":240,"column":47}},"111":{"start":{"line":241,"column":26},"end":{"line":241,"column":117}},"112":{"start":{"line":243,"column":6},"end":{"line":243,"column":68}},"113":{"start":{"line":244,"column":6},"end":{"line":244,"column":16}},"114":{"start":{"line":248,"column":16},"end":{"line":260,"column":4}},"115":{"start":{"line":262,"column":2},"end":{"line":266,"column":4}},"116":{"start":{"line":44,"column":13},"end":{"line":44,"column":67}},"117":{"start":{"line":274,"column":85},"end":{"line":274,"column":40138}},"118":{"start":{"line":274,"column":89},"end":{"line":274,"column":40127}},"119":{"start":{"line":274,"column":40253},"end":{"line":274,"column":40259}},"120":{"start":{"line":274,"column":40374},"end":{"line":274,"column":40380}},"121":{"start":{"line":274,"column":40495},"end":{"line":274,"column":40501}},"122":{"start":{"line":274,"column":40620},"end":{"line":274,"column":40626}},"123":{"start":{"line":274,"column":40770},"end":{"line":274,"column":40776}}},"fnMap":{"0":{"name":"(anonymous_9)","decl":{"start":{"line":29,"column":10},"end":{"line":29,"column":15}},"loc":{"start":{"line":29,"column":21},"end":{"line":29,"column":24}}},"1":{"name":"(anonymous_10)","decl":{"start":{"line":30,"column":11},"end":{"line":30,"column":16}},"loc":{"start":{"line":30,"column":22},"end":{"line":30,"column":25}}},"2":{"name":"(anonymous_11)","decl":{"start":{"line":31,"column":10},"end":{"line":31,"column":15}},"loc":{"start":{"line":31,"column":21},"end":{"line":31,"column":24}}},"3":{"name":"(anonymous_12)","decl":{"start":{"line":32,"column":17},"end":{"line":32,"column":22}},"loc":{"start":{"line":32,"column":28},"end":{"line":32,"column":31}}},"4":{"name":"(anonymous_13)","decl":{"start":{"line":33,"column":17},"end":{"line":33,"column":22}},"loc":{"start":{"line":33,"column":28},"end":{"line":33,"column":31}}},"5":{"name":"(anonymous_14)","decl":{"start":{"line":34,"column":18},"end":{"line":34,"column":23}},"loc":{"start":{"line":34,"column":29},"end":{"line":34,"column":32}}},"6":{"name":"(anonymous_15)","decl":{"start":{"line":35,"column":20},"end":{"line":35,"column":25}},"loc":{"start":{"line":35,"column":31},"end":{"line":35,"column":34}}},"7":{"name":"(anonymous_16)","decl":{"start":{"line":36,"column":20},"end":{"line":36,"column":25}},"loc":{"start":{"line":36,"column":31},"end":{"line":36,"column":34}}},"8":{"name":"(anonymous_17)","decl":{"start":{"line":42,"column":23},"end":{"line":42,"column":26}},"loc":{"start":{"line":42,"column":29},"end":{"line":42,"column":52}}},"9":{"name":"(anonymous_18)","decl":{"start":{"line":44,"column":67},"end":{"line":44,"column":68}},"loc":{"start":{"line":44,"column":84},"end":{"line":267,"column":1}}},"10":{"name":"(anonymous_19)","decl":{"start":{"line":49,"column":12},"end":{"line":49,"column":15}},"loc":{"start":{"line":49,"column":17},"end":{"line":89,"column":3}}},"11":{"name":"(anonymous_20)","decl":{"start":{"line":51,"column":22},"end":{"line":51,"column":27}},"loc":{"start":{"line":51,"column":33},"end":{"line":68,"column":5}}},"12":{"name":"(anonymous_21)","decl":{"start":{"line":74,"column":6},"end":{"line":74,"column":11}},"loc":{"start":{"line":74,"column":31},"end":{"line":81,"column":7}}},"13":{"name":"(anonymous_22)","decl":{"start":{"line":84,"column":11},"end":{"line":84,"column":14}},"loc":{"start":{"line":84,"column":16},"end":{"line":88,"column":5}}},"14":{"name":"(anonymous_23)","decl":{"start":{"line":92,"column":17},"end":{"line":92,"column":22}},"loc":{"start":{"line":92,"column":59},"end":{"line":108,"column":3}}},"15":{"name":"(anonymous_24)","decl":{"start":{"line":111,"column":18},"end":{"line":111,"column":23}},"loc":{"start":{"line":111,"column":29},"end":{"line":125,"column":3}}},"16":{"name":"(anonymous_25)","decl":{"start":{"line":128,"column":17},"end":{"line":128,"column":22}},"loc":{"start":{"line":128,"column":77},"end":{"line":153,"column":3}}},"17":{"name":"(anonymous_26)","decl":{"start":{"line":156,"column":24},"end":{"line":156,"column":29}},"loc":{"start":{"line":156,"column":48},"end":{"line":172,"column":3}}},"18":{"name":"(anonymous_27)","decl":{"start":{"line":175,"column":24},"end":{"line":175,"column":29}},"loc":{"start":{"line":175,"column":47},"end":{"line":196,"column":3}}},"19":{"name":"(anonymous_28)","decl":{"start":{"line":189,"column":14},"end":{"line":189,"column":18}},"loc":{"start":{"line":189,"column":22},"end":{"line":189,"column":101}}},"20":{"name":"(anonymous_29)","decl":{"start":{"line":199,"column":25},"end":{"line":199,"column":30}},"loc":{"start":{"line":199,"column":76},"end":{"line":217,"column":3}}},"21":{"name":"(anonymous_30)","decl":{"start":{"line":220,"column":27},"end":{"line":220,"column":32}},"loc":{"start":{"line":220,"column":38},"end":{"line":231,"column":3}}},"22":{"name":"(anonymous_31)","decl":{"start":{"line":234,"column":27},"end":{"line":234,"column":32}},"loc":{"start":{"line":234,"column":38},"end":{"line":246,"column":3}}},"23":{"name":"oo_cm","decl":{"start":{"line":274,"column":77},"end":{"line":274,"column":82}},"loc":{"start":{"line":274,"column":82},"end":{"line":274,"column":40139}}}},"branchMap":{"0":{"loc":{"start":{"line":6,"column":0},"end":{"line":9,"column":1}},"type":"if","locations":[{"start":{"line":6,"column":0},"end":{"line":9,"column":1}}]},"1":{"loc":{"start":{"line":6,"column":4},"end":{"line":6,"column":67}},"type":"binary-expr","locations":[{"start":{"line":6,"column":4},"end":{"line":6,"column":33}},{"start":{"line":6,"column":37},"end":{"line":6,"column":67}}]},"2":{"loc":{"start":{"line":55,"column":8},"end":{"line":57,"column":9}},"type":"if","locations":[{"start":{"line":55,"column":8},"end":{"line":57,"column":9}}]},"3":{"loc":{"start":{"line":59,"column":8},"end":{"line":61,"column":9}},"type":"if","locations":[{"start":{"line":59,"column":8},"end":{"line":61,"column":9}}]},"4":{"loc":{"start":{"line":63,"column":17},"end":{"line":63,"column":68}},"type":"binary-expr","locations":[{"start":{"line":63,"column":17},"end":{"line":63,"column":28}},{"start":{"line":63,"column":32},"end":{"line":63,"column":68}}]},"5":{"loc":{"start":{"line":75,"column":8},"end":{"line":79,"column":9}},"type":"if","locations":[{"start":{"line":75,"column":8},"end":{"line":79,"column":9}},{"start":{"line":77,"column":15},"end":{"line":79,"column":9}}]},"6":{"loc":{"start":{"line":85,"column":6},"end":{"line":87,"column":7}},"type":"if","locations":[{"start":{"line":85,"column":6},"end":{"line":87,"column":7}}]},"7":{"loc":{"start":{"line":99,"column":6},"end":{"line":101,"column":7}},"type":"if","locations":[{"start":{"line":99,"column":6},"end":{"line":101,"column":7}}]},"8":{"loc":{"start":{"line":103,"column":15},"end":{"line":103,"column":52}},"type":"binary-expr","locations":[{"start":{"line":103,"column":15},"end":{"line":103,"column":26}},{"start":{"line":103,"column":30},"end":{"line":103,"column":52}}]},"9":{"loc":{"start":{"line":120,"column":15},"end":{"line":120,"column":51}},"type":"binary-expr","locations":[{"start":{"line":120,"column":15},"end":{"line":120,"column":26}},{"start":{"line":120,"column":30},"end":{"line":120,"column":51}}]},"10":{"loc":{"start":{"line":143,"column":6},"end":{"line":143,"column":29}},"type":"if","locations":[{"start":{"line":143,"column":6},"end":{"line":143,"column":29}}]},"11":{"loc":{"start":{"line":148,"column":15},"end":{"line":148,"column":54}},"type":"binary-expr","locations":[{"start":{"line":148,"column":15},"end":{"line":148,"column":26}},{"start":{"line":148,"column":30},"end":{"line":148,"column":54}}]},"12":{"loc":{"start":{"line":165,"column":6},"end":{"line":165,"column":29}},"type":"if","locations":[{"start":{"line":165,"column":6},"end":{"line":165,"column":29}}]},"13":{"loc":{"start":{"line":167,"column":15},"end":{"line":167,"column":68}},"type":"binary-expr","locations":[{"start":{"line":167,"column":15},"end":{"line":167,"column":26}},{"start":{"line":167,"column":30},"end":{"line":167,"column":68}}]},"14":{"loc":{"start":{"line":176,"column":4},"end":{"line":176,"column":60}},"type":"if","locations":[{"start":{"line":176,"column":4},"end":{"line":176,"column":60}}]},"15":{"loc":{"start":{"line":186,"column":6},"end":{"line":186,"column":29}},"type":"if","locations":[{"start":{"line":186,"column":6},"end":{"line":186,"column":29}}]},"16":{"loc":{"start":{"line":189,"column":22},"end":{"line":189,"column":101}},"type":"cond-expr","locations":[{"start":{"line":189,"column":29},"end":{"line":189,"column":94}},{"start":{"line":189,"column":97},"end":{"line":189,"column":101}}]},"17":{"loc":{"start":{"line":191,"column":15},"end":{"line":191,"column":63}},"type":"binary-expr","locations":[{"start":{"line":191,"column":15},"end":{"line":191,"column":26}},{"start":{"line":191,"column":30},"end":{"line":191,"column":63}}]},"18":{"loc":{"start":{"line":200,"column":4},"end":{"line":200,"column":60}},"type":"if","locations":[{"start":{"line":200,"column":4},"end":{"line":200,"column":60}}]},"19":{"loc":{"start":{"line":210,"column":6},"end":{"line":210,"column":29}},"type":"if","locations":[{"start":{"line":210,"column":6},"end":{"line":210,"column":29}}]},"20":{"loc":{"start":{"line":212,"column":15},"end":{"line":212,"column":64}},"type":"binary-expr","locations":[{"start":{"line":212,"column":15},"end":{"line":212,"column":26}},{"start":{"line":212,"column":30},"end":{"line":212,"column":64}}]},"21":{"loc":{"start":{"line":221,"column":4},"end":{"line":221,"column":60}},"type":"if","locations":[{"start":{"line":221,"column":4},"end":{"line":221,"column":60}}]},"22":{"loc":{"start":{"line":228,"column":15},"end":{"line":228,"column":66}},"type":"binary-expr","locations":[{"start":{"line":228,"column":15},"end":{"line":228,"column":26}},{"start":{"line":228,"column":30},"end":{"line":228,"column":66}}]},"23":{"loc":{"start":{"line":235,"column":4},"end":{"line":235,"column":60}},"type":"if","locations":[{"start":{"line":235,"column":4},"end":{"line":235,"column":60}}]},"24":{"loc":{"start":{"line":243,"column":15},"end":{"line":243,"column":66}},"type":"binary-expr","locations":[{"start":{"line":243,"column":15},"end":{"line":243,"column":26}},{"start":{"line":243,"column":30},"end":{"line":243,"column":66}}]},"25":{"loc":{"start":{"line":274,"column":96},"end":{"line":274,"column":40126}},"type":"binary-expr","locations":[{"start":{"line":274,"column":96},"end":{"line":274,"column":133}},{"start":{"line":274,"column":137},"end":{"line":274,"column":40126}}]}},"s":{"0":2,"1":2,"2":2,"3":0,"4":2,"5":2,"6":2,"7":0,"8":2,"9":2,"10":0,"11":0,"12":0,"13":0,"14":0,"15":0,"16":0,"17":0,"18":0,"19":0,"20":0,"21":0,"22":0,"23":0,"24":0,"25":0,"26":0,"27":0,"28":0,"29":0,"30":0,"31":0,"32":0,"33":0,"34":0,"35":0,"36":0,"37":0,"38":0,"39":0,"40":0,"41":0,"42":0,"43":0,"44":0,"45":0,"46":0,"47":0,"48":0,"49":0,"50":0,"51":0,"52":0,"53":0,"54":0,"55":0,"56":0,"57":0,"58":0,"59":0,"60":0,"61":0,"62":0,"63":0,"64":0,"65":0,"66":0,"67":0,"68":0,"69":0,"70":0,"71":0,"72":0,"73":0,"74":0,"75":0,"76":0,"77":0,"78":0,"79":0,"80":0,"81":0,"82":0,"83":0,"84":0,"85":0,"86":0,"87":0,"88":0,"89":0,"90":0,"91":0,"92":0,"93":0,"94":0,"95":0,"96":0,"97":0,"98":0,"99":0,"100":0,"101":0,"102":0,"103":0,"104":0,"105":0,"106":0,"107":0,"108":0,"109":0,"110":0,"111":0,"112":0,"113":0,"114":0,"115":0,"116":2,"117":0,"118":0,"119":2,"120":2,"121":2,"122":2,"123":2},"f":{"0":0,"1":0,"2":0,"3":0,"4":0,"5":0,"6":0,"7":0,"8":0,"9":0,"10":0,"11":0,"12":0,"13":0,"14":0,"15":0,"16":0,"17":0,"18":0,"19":0,"20":0,"21":0,"22":0,"23":0},"b":{"0":[0],"1":[2,2],"2":[0],"3":[0],"4":[0,0],"5":[0,0],"6":[0],"7":[0],"8":[0,0],"9":[0,0],"10":[0],"11":[0,0],"12":[0],"13":[0,0],"14":[0],"15":[0],"16":[0,0],"17":[0,0],"18":[0],"19":[0],"20":[0,0],"21":[0],"22":[0,0],"23":[0],"24":[0,0],"25":[0,0]}}
,"/workspaces/snakkaz-chat/src/features/auth/two-factor/TOTPSetup.tsx": {"path":"/workspaces/snakkaz-chat/src/features/auth/two-factor/TOTPSetup.tsx","statementMap":{"0":{"start":{"line":8,"column":0},"end":{"line":8,"column":51}},"1":{"start":{"line":9,"column":0},"end":{"line":9,"column":97}},"2":{"start":{"line":10,"column":0},"end":{"line":10,"column":48}},"3":{"start":{"line":11,"column":0},"end":{"line":11,"column":46}},"4":{"start":{"line":12,"column":0},"end":{"line":12,"column":46}},"5":{"start":{"line":13,"column":0},"end":{"line":13,"column":64}},"6":{"start":{"line":14,"column":0},"end":{"line":14,"column":80}},"7":{"start":{"line":15,"column":0},"end":{"line":15,"column":91}},"8":{"start":{"line":16,"column":0},"end":{"line":16,"column":41}},"9":{"start":{"line":17,"column":0},"end":{"line":17,"column":102}},"10":{"start":{"line":26,"column":51},"end":{"line":312,"column":1}},"11":{"start":{"line":32,"column":30},"end":{"line":32,"column":50}},"12":{"start":{"line":33,"column":36},"end":{"line":33,"column":56}},"13":{"start":{"line":34,"column":50},"end":{"line":34,"column":70}},"14":{"start":{"line":35,"column":40},"end":{"line":35,"column":62}},"15":{"start":{"line":36,"column":40},"end":{"line":36,"column":55}},"16":{"start":{"line":37,"column":48},"end":{"line":37,"column":63}},"17":{"start":{"line":38,"column":28},"end":{"line":38,"column":48}},"18":{"start":{"line":39,"column":38},"end":{"line":39,"column":58}},"19":{"start":{"line":41,"column":2},"end":{"line":52,"column":18}},"20":{"start":{"line":43,"column":22},"end":{"line":43,"column":42}},"21":{"start":{"line":44,"column":18},"end":{"line":44,"column":73}},"22":{"start":{"line":46,"column":4},"end":{"line":46,"column":25}},"23":{"start":{"line":47,"column":4},"end":{"line":47,"column":24}},"24":{"start":{"line":50,"column":18},"end":{"line":50,"column":39}},"25":{"start":{"line":51,"column":4},"end":{"line":51,"column":26}},"26":{"start":{"line":54,"column":30},"end":{"line":62,"column":3}},"27":{"start":{"line":55,"column":28},"end":{"line":55,"column":30}},"28":{"start":{"line":56,"column":4},"end":{"line":60,"column":5}},"29":{"start":{"line":56,"column":17},"end":{"line":56,"column":18}},"30":{"start":{"line":58,"column":19},"end":{"line":58,"column":76}},"31":{"start":{"line":59,"column":6},"end":{"line":59,"column":23}},"32":{"start":{"line":61,"column":4},"end":{"line":61,"column":17}},"33":{"start":{"line":64,"column":27},"end":{"line":87,"column":3}},"34":{"start":{"line":65,"column":4},"end":{"line":68,"column":5}},"35":{"start":{"line":66,"column":6},"end":{"line":66,"column":67}},"36":{"start":{"line":67,"column":6},"end":{"line":67,"column":13}},"37":{"start":{"line":70,"column":4},"end":{"line":70,"column":25}},"38":{"start":{"line":71,"column":4},"end":{"line":71,"column":17}},"39":{"start":{"line":73,"column":4},"end":{"line":86,"column":5}},"40":{"start":{"line":74,"column":22},"end":{"line":74,"column":63}},"41":{"start":{"line":76,"column":6},"end":{"line":81,"column":7}},"42":{"start":{"line":77,"column":8},"end":{"line":77,"column":33}},"43":{"start":{"line":78,"column":8},"end":{"line":78,"column":38}},"44":{"start":{"line":80,"column":8},"end":{"line":80,"column":59}},"45":{"start":{"line":83,"column":6},"end":{"line":83,"column":48}},"46":{"start":{"line":85,"column":6},"end":{"line":85,"column":28}},"47":{"start":{"line":89,"column":30},"end":{"line":91,"column":3}},"48":{"start":{"line":90,"column":4},"end":{"line":90,"column":41}},"49":{"start":{"line":93,"column":30},"end":{"line":114,"column":3}},"50":{"start":{"line":94,"column":20},"end":{"line":103,"column":34}},"51":{"start":{"line":101,"column":35},"end":{"line":101,"column":58}},"52":{"start":{"line":105,"column":17},"end":{"line":105,"column":60}},"53":{"start":{"line":106,"column":16},"end":{"line":106,"column":41}},"54":{"start":{"line":107,"column":14},"end":{"line":107,"column":41}},"55":{"start":{"line":108,"column":4},"end":{"line":108,"column":17}},"56":{"start":{"line":109,"column":4},"end":{"line":109,"column":62}},"57":{"start":{"line":110,"column":4},"end":{"line":110,"column":33}},"58":{"start":{"line":111,"column":4},"end":{"line":111,"column":14}},"59":{"start":{"line":112,"column":4},"end":{"line":112,"column":33}},"60":{"start":{"line":113,"column":4},"end":{"line":113,"column":29}},"61":{"start":{"line":116,"column":2},"end":{"line":311,"column":4}},"62":{"start":{"line":170,"column":35},"end":{"line":170,"column":101}},"63":{"start":{"line":233,"column":35},"end":{"line":233,"column":101}},"64":{"start":{"line":276,"column":20},"end":{"line":276,"column":37}},"65":{"start":{"line":26,"column":13},"end":{"line":26,"column":51}},"66":{"start":{"line":314,"column":0},"end":{"line":314,"column":25}}},"fnMap":{"0":{"name":"(anonymous_9)","decl":{"start":{"line":26,"column":51},"end":{"line":26,"column":52}},"loc":{"start":{"line":31,"column":5},"end":{"line":312,"column":1}}},"1":{"name":"(anonymous_10)","decl":{"start":{"line":41,"column":12},"end":{"line":41,"column":15}},"loc":{"start":{"line":41,"column":17},"end":{"line":52,"column":3}}},"2":{"name":"(anonymous_11)","decl":{"start":{"line":54,"column":30},"end":{"line":54,"column":43}},"loc":{"start":{"line":54,"column":45},"end":{"line":62,"column":3}}},"3":{"name":"(anonymous_12)","decl":{"start":{"line":64,"column":27},"end":{"line":64,"column":32}},"loc":{"start":{"line":64,"column":38},"end":{"line":87,"column":3}}},"4":{"name":"(anonymous_13)","decl":{"start":{"line":89,"column":30},"end":{"line":89,"column":33}},"loc":{"start":{"line":89,"column":35},"end":{"line":91,"column":3}}},"5":{"name":"(anonymous_14)","decl":{"start":{"line":93,"column":30},"end":{"line":93,"column":33}},"loc":{"start":{"line":93,"column":35},"end":{"line":114,"column":3}}},"6":{"name":"(anonymous_15)","decl":{"start":{"line":101,"column":18},"end":{"line":101,"column":19}},"loc":{"start":{"line":101,"column":35},"end":{"line":101,"column":58}}},"7":{"name":"(anonymous_16)","decl":{"start":{"line":170,"column":28},"end":{"line":170,"column":29}},"loc":{"start":{"line":170,"column":35},"end":{"line":170,"column":101}}},"8":{"name":"(anonymous_17)","decl":{"start":{"line":233,"column":28},"end":{"line":233,"column":29}},"loc":{"start":{"line":233,"column":35},"end":{"line":233,"column":101}}},"9":{"name":"(anonymous_18)","decl":{"start":{"line":275,"column":35},"end":{"line":275,"column":36}},"loc":{"start":{"line":276,"column":20},"end":{"line":276,"column":37}}}},"branchMap":{"0":{"loc":{"start":{"line":65,"column":4},"end":{"line":68,"column":5}},"type":"if","locations":[{"start":{"line":65,"column":4},"end":{"line":68,"column":5}}]},"1":{"loc":{"start":{"line":65,"column":8},"end":{"line":65,"column":58}},"type":"binary-expr","locations":[{"start":{"line":65,"column":8},"end":{"line":65,"column":25}},{"start":{"line":65,"column":29},"end":{"line":65,"column":58}}]},"2":{"loc":{"start":{"line":76,"column":6},"end":{"line":81,"column":7}},"type":"if","locations":[{"start":{"line":76,"column":6},"end":{"line":81,"column":7}},{"start":{"line":79,"column":13},"end":{"line":81,"column":7}}]},"3":{"loc":{"start":{"line":176,"column":15},"end":{"line":180,"column":null}},"type":"binary-expr","locations":[{"start":{"line":176,"column":15},"end":{"line":176,"column":20}},{"start":{"line":177,"column":16},"end":{"line":179,"column":null}}]},"4":{"loc":{"start":{"line":193,"column":28},"end":{"line":193,"column":72}},"type":"binary-expr","locations":[{"start":{"line":193,"column":28},"end":{"line":193,"column":39}},{"start":{"line":193,"column":43},"end":{"line":193,"column":72}}]},"5":{"loc":{"start":{"line":196,"column":19},"end":{"line":196,"column":63}},"type":"cond-expr","locations":[{"start":{"line":196,"column":33},"end":{"line":196,"column":49}},{"start":{"line":196,"column":52},"end":{"line":196,"column":63}}]},"6":{"loc":{"start":{"line":249,"column":28},"end":{"line":249,"column":72}},"type":"binary-expr","locations":[{"start":{"line":249,"column":28},"end":{"line":249,"column":39}},{"start":{"line":249,"column":43},"end":{"line":249,"column":72}}]},"7":{"loc":{"start":{"line":252,"column":19},"end":{"line":252,"column":63}},"type":"cond-expr","locations":[{"start":{"line":252,"column":33},"end":{"line":252,"column":49}},{"start":{"line":252,"column":52},"end":{"line":252,"column":63}}]}},"s":{"0":1,"1":1,"2":1,"3":1,"4":1,"5":1,"6":1,"7":1,"8":1,"9":1,"10":1,"11":7,"12":7,"13":7,"14":7,"15":7,"16":7,"17":7,"18":7,"19":7,"20":3,"21":3,"22":3,"23":3,"24":3,"25":3,"26":7,"27":3,"28":3,"29":3,"30":24,"31":24,"32":3,"33":7,"34":0,"35":0,"36":0,"37":0,"38":0,"39":0,"40":0,"41":0,"42":0,"43":0,"44":0,"45":0,"46":0,"47":7,"48":0,"49":7,"50":0,"51":0,"52":0,"53":0,"54":0,"55":0,"56":0,"57":0,"58":0,"59":0,"60":0,"61":7,"62":0,"63":0,"64":32,"65":1,"66":1},"f":{"0":7,"1":3,"2":3,"3":0,"4":0,"5":0,"6":0,"7":0,"8":0,"9":32},"b":{"0":[0],"1":[0,0],"2":[0,0],"3":[7,0],"4":[7,7],"5":[0,7],"6":[7,7],"7":[0,7]}}
,"/workspaces/snakkaz-chat/src/features/auth/two-factor/TOTPVerification.tsx": {"path":"/workspaces/snakkaz-chat/src/features/auth/two-factor/TOTPVerification.tsx","statementMap":{"0":{"start":{"line":1,"column":0},"end":{"line":1,"column":40}},"1":{"start":{"line":2,"column":0},"end":{"line":2,"column":48}},"2":{"start":{"line":3,"column":0},"end":{"line":3,"column":97}},"3":{"start":{"line":4,"column":0},"end":{"line":4,"column":46}},"4":{"start":{"line":5,"column":0},"end":{"line":5,"column":46}},"5":{"start":{"line":6,"column":0},"end":{"line":6,"column":80}},"6":{"start":{"line":7,"column":0},"end":{"line":7,"column":64}},"7":{"start":{"line":8,"column":0},"end":{"line":8,"column":78}},"8":{"start":{"line":9,"column":0},"end":{"line":9,"column":43}},"9":{"start":{"line":10,"column":0},"end":{"line":10,"column":43}},"10":{"start":{"line":19,"column":65},"end":{"line":232,"column":1}},"11":{"start":{"line":25,"column":50},"end":{"line":25,"column":62}},"12":{"start":{"line":26,"column":38},"end":{"line":26,"column":50}},"13":{"start":{"line":27,"column":28},"end":{"line":27,"column":57}},"14":{"start":{"line":28,"column":36},"end":{"line":28,"column":51}},"15":{"start":{"line":29,"column":36},"end":{"line":29,"column":71}},"16":{"start":{"line":31,"column":43},"end":{"line":31,"column":52}},"17":{"start":{"line":32,"column":42},"end":{"line":32,"column":51}},"18":{"start":{"line":34,"column":33},"end":{"line":71,"column":3}},"19":{"start":{"line":35,"column":4},"end":{"line":38,"column":5}},"20":{"start":{"line":36,"column":6},"end":{"line":36,"column":43}},"21":{"start":{"line":37,"column":6},"end":{"line":37,"column":13}},"22":{"start":{"line":40,"column":4},"end":{"line":43,"column":5}},"23":{"start":{"line":41,"column":6},"end":{"line":41,"column":53}},"24":{"start":{"line":42,"column":6},"end":{"line":42,"column":13}},"25":{"start":{"line":45,"column":4},"end":{"line":45,"column":23}},"26":{"start":{"line":46,"column":4},"end":{"line":46,"column":19}},"27":{"start":{"line":48,"column":4},"end":{"line":70,"column":5}},"28":{"start":{"line":49,"column":22},"end":{"line":49,"column":58}},"29":{"start":{"line":51,"column":6},"end":{"line":65,"column":7}},"30":{"start":{"line":53,"column":8},"end":{"line":62,"column":9}},"31":{"start":{"line":54,"column":25},"end":{"line":54,"column":58}},"32":{"start":{"line":55,"column":10},"end":{"line":59,"column":11}},"33":{"start":{"line":56,"column":12},"end":{"line":56,"column":36}},"34":{"start":{"line":58,"column":12},"end":{"line":58,"column":78}},"35":{"start":{"line":61,"column":10},"end":{"line":61,"column":43}},"36":{"start":{"line":64,"column":8},"end":{"line":64,"column":59}},"37":{"start":{"line":67,"column":6},"end":{"line":67,"column":55}},"38":{"start":{"line":69,"column":6},"end":{"line":69,"column":26}},"39":{"start":{"line":73,"column":39},"end":{"line":105,"column":3}},"40":{"start":{"line":74,"column":4},"end":{"line":77,"column":5}},"41":{"start":{"line":75,"column":6},"end":{"line":75,"column":46}},"42":{"start":{"line":76,"column":6},"end":{"line":76,"column":13}},"43":{"start":{"line":79,"column":4},"end":{"line":79,"column":23}},"44":{"start":{"line":80,"column":4},"end":{"line":80,"column":19}},"45":{"start":{"line":82,"column":4},"end":{"line":104,"column":5}},"46":{"start":{"line":83,"column":21},"end":{"line":83,"column":55}},"47":{"start":{"line":85,"column":6},"end":{"line":99,"column":7}},"48":{"start":{"line":87,"column":8},"end":{"line":96,"column":9}},"49":{"start":{"line":88,"column":29},"end":{"line":88,"column":62}},"50":{"start":{"line":89,"column":10},"end":{"line":93,"column":11}},"51":{"start":{"line":90,"column":12},"end":{"line":90,"column":36}},"52":{"start":{"line":92,"column":12},"end":{"line":92,"column":82}},"53":{"start":{"line":95,"column":10},"end":{"line":95,"column":43}},"54":{"start":{"line":98,"column":8},"end":{"line":98,"column":56}},"55":{"start":{"line":101,"column":6},"end":{"line":101,"column":55}},"56":{"start":{"line":103,"column":6},"end":{"line":103,"column":26}},"57":{"start":{"line":107,"column":27},"end":{"line":112,"column":3}},"58":{"start":{"line":109,"column":25},"end":{"line":109,"column":61}},"59":{"start":{"line":110,"column":4},"end":{"line":110,"column":38}},"60":{"start":{"line":111,"column":4},"end":{"line":111,"column":19}},"61":{"start":{"line":114,"column":33},"end":{"line":119,"column":3}},"62":{"start":{"line":116,"column":23},"end":{"line":116,"column":80}},"63":{"start":{"line":117,"column":4},"end":{"line":117,"column":30}},"64":{"start":{"line":118,"column":4},"end":{"line":118,"column":19}},"65":{"start":{"line":121,"column":2},"end":{"line":231,"column":4}},"66":{"start":{"line":134,"column":58},"end":{"line":134,"column":98}},"67":{"start":{"line":154,"column":33},"end":{"line":154,"column":65}},"68":{"start":{"line":181,"column":33},"end":{"line":181,"column":71}},"69":{"start":{"line":19,"column":13},"end":{"line":19,"column":65}}},"fnMap":{"0":{"name":"(anonymous_9)","decl":{"start":{"line":19,"column":65},"end":{"line":19,"column":66}},"loc":{"start":{"line":24,"column":5},"end":{"line":232,"column":1}}},"1":{"name":"(anonymous_10)","decl":{"start":{"line":34,"column":33},"end":{"line":34,"column":38}},"loc":{"start":{"line":34,"column":44},"end":{"line":71,"column":3}}},"2":{"name":"(anonymous_11)","decl":{"start":{"line":73,"column":39},"end":{"line":73,"column":44}},"loc":{"start":{"line":73,"column":50},"end":{"line":105,"column":3}}},"3":{"name":"(anonymous_12)","decl":{"start":{"line":107,"column":27},"end":{"line":107,"column":28}},"loc":{"start":{"line":107,"column":45},"end":{"line":112,"column":3}}},"4":{"name":"(anonymous_13)","decl":{"start":{"line":114,"column":33},"end":{"line":114,"column":34}},"loc":{"start":{"line":114,"column":51},"end":{"line":119,"column":3}}},"5":{"name":"(anonymous_14)","decl":{"start":{"line":134,"column":47},"end":{"line":134,"column":48}},"loc":{"start":{"line":134,"column":58},"end":{"line":134,"column":98}}},"6":{"name":"(anonymous_15)","decl":{"start":{"line":154,"column":26},"end":{"line":154,"column":27}},"loc":{"start":{"line":154,"column":33},"end":{"line":154,"column":65}}},"7":{"name":"(anonymous_16)","decl":{"start":{"line":181,"column":26},"end":{"line":181,"column":27}},"loc":{"start":{"line":181,"column":33},"end":{"line":181,"column":71}}}},"branchMap":{"0":{"loc":{"start":{"line":23,"column":2},"end":{"line":23,"column":17}},"type":"default-arg","locations":[{"start":{"line":23,"column":12},"end":{"line":23,"column":17}}]},"1":{"loc":{"start":{"line":35,"column":4},"end":{"line":38,"column":5}},"type":"if","locations":[{"start":{"line":35,"column":4},"end":{"line":38,"column":5}}]},"2":{"loc":{"start":{"line":40,"column":4},"end":{"line":43,"column":5}},"type":"if","locations":[{"start":{"line":40,"column":4},"end":{"line":43,"column":5}}]},"3":{"loc":{"start":{"line":51,"column":6},"end":{"line":65,"column":7}},"type":"if","locations":[{"start":{"line":51,"column":6},"end":{"line":65,"column":7}},{"start":{"line":63,"column":13},"end":{"line":65,"column":7}}]},"4":{"loc":{"start":{"line":53,"column":8},"end":{"line":62,"column":9}},"type":"if","locations":[{"start":{"line":53,"column":8},"end":{"line":62,"column":9}},{"start":{"line":60,"column":15},"end":{"line":62,"column":9}}]},"5":{"loc":{"start":{"line":55,"column":10},"end":{"line":59,"column":11}},"type":"if","locations":[{"start":{"line":55,"column":10},"end":{"line":59,"column":11}},{"start":{"line":57,"column":17},"end":{"line":59,"column":11}}]},"6":{"loc":{"start":{"line":58,"column":21},"end":{"line":58,"column":76}},"type":"binary-expr","locations":[{"start":{"line":58,"column":21},"end":{"line":58,"column":33}},{"start":{"line":58,"column":37},"end":{"line":58,"column":76}}]},"7":{"loc":{"start":{"line":74,"column":4},"end":{"line":77,"column":5}},"type":"if","locations":[{"start":{"line":74,"column":4},"end":{"line":77,"column":5}}]},"8":{"loc":{"start":{"line":85,"column":6},"end":{"line":99,"column":7}},"type":"if","locations":[{"start":{"line":85,"column":6},"end":{"line":99,"column":7}},{"start":{"line":97,"column":13},"end":{"line":99,"column":7}}]},"9":{"loc":{"start":{"line":87,"column":8},"end":{"line":96,"column":9}},"type":"if","locations":[{"start":{"line":87,"column":8},"end":{"line":96,"column":9}},{"start":{"line":94,"column":15},"end":{"line":96,"column":9}}]},"10":{"loc":{"start":{"line":89,"column":10},"end":{"line":93,"column":11}},"type":"if","locations":[{"start":{"line":89,"column":10},"end":{"line":93,"column":11}},{"start":{"line":91,"column":17},"end":{"line":93,"column":11}}]},"11":{"loc":{"start":{"line":92,"column":21},"end":{"line":92,"column":80}},"type":"binary-expr","locations":[{"start":{"line":92,"column":21},"end":{"line":92,"column":37}},{"start":{"line":92,"column":41},"end":{"line":92,"column":80}}]},"12":{"loc":{"start":{"line":98,"column":17},"end":{"line":98,"column":54}},"type":"binary-expr","locations":[{"start":{"line":98,"column":17},"end":{"line":98,"column":29}},{"start":{"line":98,"column":33},"end":{"line":98,"column":54}}]},"13":{"loc":{"start":{"line":158,"column":26},"end":{"line":158,"column":46}},"type":"binary-expr","locations":[{"start":{"line":158,"column":26},"end":{"line":158,"column":33}},{"start":{"line":158,"column":37},"end":{"line":158,"column":46}}]},"14":{"loc":{"start":{"line":167,"column":24},"end":{"line":167,"column":77}},"type":"binary-expr","locations":[{"start":{"line":167,"column":24},"end":{"line":167,"column":31}},{"start":{"line":167,"column":35},"end":{"line":167,"column":44}},{"start":{"line":167,"column":48},"end":{"line":167,"column":77}}]},"15":{"loc":{"start":{"line":170,"column":15},"end":{"line":170,"column":62}},"type":"cond-expr","locations":[{"start":{"line":170,"column":27},"end":{"line":170,"column":43}},{"start":{"line":170,"column":46},"end":{"line":170,"column":62}}]},"16":{"loc":{"start":{"line":185,"column":26},"end":{"line":185,"column":46}},"type":"binary-expr","locations":[{"start":{"line":185,"column":26},"end":{"line":185,"column":33}},{"start":{"line":185,"column":37},"end":{"line":185,"column":46}}]},"17":{"loc":{"start":{"line":194,"column":24},"end":{"line":194,"column":71}},"type":"binary-expr","locations":[{"start":{"line":194,"column":24},"end":{"line":194,"column":31}},{"start":{"line":194,"column":35},"end":{"line":194,"column":44}},{"start":{"line":194,"column":48},"end":{"line":194,"column":71}}]},"18":{"loc":{"start":{"line":197,"column":15},"end":{"line":197,"column":64}},"type":"cond-expr","locations":[{"start":{"line":197,"column":27},"end":{"line":197,"column":43}},{"start":{"line":197,"column":46},"end":{"line":197,"column":64}}]},"19":{"loc":{"start":{"line":210,"column":9},"end":{"line":214,"column":null}},"type":"binary-expr","locations":[{"start":{"line":210,"column":9},"end":{"line":210,"column":14}},{"start":{"line":211,"column":10},"end":{"line":213,"column":null}}]},"20":{"loc":{"start":{"line":217,"column":9},"end":{"line":227,"column":null}},"type":"binary-expr","locations":[{"start":{"line":217,"column":9},"end":{"line":217,"column":17}},{"start":{"line":218,"column":10},"end":{"line":226,"column":null}}]},"21":{"loc":{"start":{"line":222,"column":24},"end":{"line":222,"column":44}},"type":"binary-expr","locations":[{"start":{"line":222,"column":24},"end":{"line":222,"column":31}},{"start":{"line":222,"column":35},"end":{"line":222,"column":44}}]}},"s":{"0":1,"1":1,"2":1,"3":1,"4":1,"5":1,"6":1,"7":1,"8":1,"9":1,"10":1,"11":83,"12":83,"13":83,"14":83,"15":83,"16":83,"17":83,"18":83,"19":5,"20":0,"21":0,"22":5,"23":0,"24":0,"25":5,"26":5,"27":5,"28":5,"29":4,"30":1,"31":1,"32":1,"33":1,"34":0,"35":0,"36":3,"37":1,"38":5,"39":83,"40":1,"41":0,"42":0,"43":1,"44":1,"45":1,"46":1,"47":1,"48":1,"49":1,"50":1,"51":1,"52":0,"53":0,"54":0,"55":0,"56":1,"57":83,"58":52,"59":52,"60":52,"61":83,"62":8,"63":8,"64":8,"65":83,"66":3,"67":52,"68":8,"69":1},"f":{"0":83,"1":5,"2":1,"3":52,"4":8,"5":3,"6":52,"7":8},"b":{"0":[83],"1":[0],"2":[0],"3":[1,3],"4":[1,0],"5":[1,0],"6":[0,0],"7":[0],"8":[1,0],"9":[1,0],"10":[1,0],"11":[0,0],"12":[0,0],"13":[83,83],"14":[83,83,81],"15":[2,81],"16":[83,83],"17":[83,83,81],"18":[2,81],"19":[83,4],"20":[83,83],"21":[83,83]}}
,"/workspaces/snakkaz-chat/src/hooks/use-toast.ts": {"path":"/workspaces/snakkaz-chat/src/hooks/use-toast.ts","statementMap":{"0":{"start":{"line":1,"column":0},"end":{"line":1,"column":31}},"1":{"start":{"line":23,"column":14},"end":{"line":23,"column":62}},"2":{"start":{"line":23,"column":20},"end":{"line":23,"column":62}},"3":{"start":{"line":26,"column":74},"end":{"line":26,"column":78}},"4":{"start":{"line":28,"column":24},"end":{"line":68,"column":1}},"5":{"start":{"line":29,"column":30},"end":{"line":29,"column":57}},"6":{"start":{"line":31,"column":16},"end":{"line":40,"column":null}},"7":{"start":{"line":33,"column":17},"end":{"line":33,"column":24}},"8":{"start":{"line":34,"column":23},"end":{"line":34,"column":48}},"9":{"start":{"line":36,"column":6},"end":{"line":36,"column":59}},"10":{"start":{"line":36,"column":32},"end":{"line":36,"column":57}},"11":{"start":{"line":38,"column":6},"end":{"line":38,"column":16}},"12":{"start":{"line":44,"column":2},"end":{"line":52,"column":14}},"13":{"start":{"line":46,"column":4},"end":{"line":51,"column":5}},"14":{"start":{"line":47,"column":6},"end":{"line":47,"column":29}},"15":{"start":{"line":48,"column":6},"end":{"line":50,"column":8}},"16":{"start":{"line":49,"column":8},"end":{"line":49,"column":30}},"17":{"start":{"line":54,"column":18},"end":{"line":56,"column":8}},"18":{"start":{"line":55,"column":4},"end":{"line":55,"column":77}},"19":{"start":{"line":55,"column":30},"end":{"line":55,"column":75}},"20":{"start":{"line":55,"column":59},"end":{"line":55,"column":74}},"21":{"start":{"line":58,"column":21},"end":{"line":60,"column":8}},"22":{"start":{"line":59,"column":4},"end":{"line":59,"column":18}},"23":{"start":{"line":62,"column":2},"end":{"line":67,"column":4}},"24":{"start":{"line":28,"column":13},"end":{"line":28,"column":24}},"25":{"start":{"line":72,"column":21},"end":{"line":81,"column":1}},"26":{"start":{"line":73,"column":2},"end":{"line":80,"column":3}},"27":{"start":{"line":74,"column":4},"end":{"line":74,"column":33}},"28":{"start":{"line":76,"column":4},"end":{"line":76,"column":66}},"29":{"start":{"line":78,"column":24},"end":{"line":78,"column":120}},"30":{"start":{"line":79,"column":4},"end":{"line":79,"column":16}},"31":{"start":{"line":72,"column":13},"end":{"line":72,"column":21}},"32":{"start":{"line":91,"column":85},"end":{"line":91,"column":40138}},"33":{"start":{"line":91,"column":89},"end":{"line":91,"column":40127}},"34":{"start":{"line":91,"column":40253},"end":{"line":91,"column":40259}},"35":{"start":{"line":91,"column":40374},"end":{"line":91,"column":40380}},"36":{"start":{"line":91,"column":40495},"end":{"line":91,"column":40501}},"37":{"start":{"line":91,"column":40620},"end":{"line":91,"column":40626}},"38":{"start":{"line":91,"column":40770},"end":{"line":91,"column":40776}}},"fnMap":{"0":{"name":"(anonymous_9)","decl":{"start":{"line":23,"column":14},"end":{"line":23,"column":17}},"loc":{"start":{"line":23,"column":20},"end":{"line":23,"column":62}}},"1":{"name":"(anonymous_10)","decl":{"start":{"line":28,"column":24},"end":{"line":28,"column":27}},"loc":{"start":{"line":28,"column":29},"end":{"line":68,"column":1}}},"2":{"name":"(anonymous_11)","decl":{"start":{"line":32,"column":4},"end":{"line":32,"column":5}},"loc":{"start":{"line":32,"column":39},"end":{"line":39,"column":5}}},"3":{"name":"(anonymous_12)","decl":{"start":{"line":36,"column":16},"end":{"line":36,"column":17}},"loc":{"start":{"line":36,"column":32},"end":{"line":36,"column":57}}},"4":{"name":"(anonymous_13)","decl":{"start":{"line":44,"column":18},"end":{"line":44,"column":21}},"loc":{"start":{"line":44,"column":23},"end":{"line":52,"column":3}}},"5":{"name":"(anonymous_14)","decl":{"start":{"line":48,"column":13},"end":{"line":48,"column":16}},"loc":{"start":{"line":48,"column":18},"end":{"line":50,"column":7}}},"6":{"name":"(anonymous_15)","decl":{"start":{"line":54,"column":36},"end":{"line":54,"column":37}},"loc":{"start":{"line":54,"column":51},"end":{"line":56,"column":3}}},"7":{"name":"(anonymous_16)","decl":{"start":{"line":55,"column":14},"end":{"line":55,"column":15}},"loc":{"start":{"line":55,"column":30},"end":{"line":55,"column":75}}},"8":{"name":"(anonymous_17)","decl":{"start":{"line":55,"column":48},"end":{"line":55,"column":49}},"loc":{"start":{"line":55,"column":59},"end":{"line":55,"column":74}}},"9":{"name":"(anonymous_18)","decl":{"start":{"line":58,"column":39},"end":{"line":58,"column":42}},"loc":{"start":{"line":58,"column":44},"end":{"line":60,"column":3}}},"10":{"name":"(anonymous_19)","decl":{"start":{"line":72,"column":21},"end":{"line":72,"column":22}},"loc":{"start":{"line":72,"column":71},"end":{"line":81,"column":1}}},"11":{"name":"oo_cm","decl":{"start":{"line":91,"column":77},"end":{"line":91,"column":82}},"loc":{"start":{"line":91,"column":82},"end":{"line":91,"column":40139}}}},"branchMap":{"0":{"loc":{"start":{"line":46,"column":4},"end":{"line":51,"column":5}},"type":"if","locations":[{"start":{"line":46,"column":4},"end":{"line":51,"column":5}}]},"1":{"loc":{"start":{"line":73,"column":2},"end":{"line":80,"column":3}},"type":"if","locations":[{"start":{"line":73,"column":2},"end":{"line":80,"column":3}},{"start":{"line":75,"column":9},"end":{"line":80,"column":3}}]},"2":{"loc":{"start":{"line":91,"column":96},"end":{"line":91,"column":40126}},"type":"binary-expr","locations":[{"start":{"line":91,"column":96},"end":{"line":91,"column":133}},{"start":{"line":91,"column":137},"end":{"line":91,"column":40126}}]}},"s":{"0":1,"1":1,"2":0,"3":1,"4":1,"5":0,"6":0,"7":0,"8":0,"9":0,"10":0,"11":0,"12":0,"13":0,"14":0,"15":0,"16":0,"17":0,"18":0,"19":0,"20":0,"21":0,"22":0,"23":0,"24":1,"25":1,"26":0,"27":0,"28":0,"29":0,"30":0,"31":1,"32":0,"33":0,"34":1,"35":1,"36":1,"37":1,"38":1},"f":{"0":0,"1":0,"2":0,"3":0,"4":0,"5":0,"6":0,"7":0,"8":0,"9":0,"10":0,"11":0},"b":{"0":[0],"1":[0,0],"2":[0,0]}}
,"/workspaces/snakkaz-chat/src/integrations/supabase/client.ts": {"path":"/workspaces/snakkaz-chat/src/integrations/supabase/client.ts","statementMap":{"0":{"start":{"line":11,"column":0},"end":{"line":11,"column":9}},"1":{"start":{"line":15,"column":9},"end":{"line":11,"column":19}},"2":{"start":{"line":15,"column":19},"end":{"line":11,"column":31}},"3":{"start":{"line":15,"column":31},"end":{"line":11,"column":73}},"4":{"start":{"line":12,"column":0},"end":{"line":12,"column":53}},"5":{"start":{"line":18,"column":0},"end":{"line":20,"column":1}},"6":{"start":{"line":19,"column":22},"end":{"line":19,"column":128}},"7":{"start":{"line":27,"column":2},"end":{"line":27,"column":91}},"8":{"start":{"line":30,"column":19},"end":{"line":51,"column":4}},"9":{"start":{"line":31,"column":29},"end":{"line":31,"column":69}},"10":{"start":{"line":32,"column":26},"end":{"line":32,"column":63}},"11":{"start":{"line":33,"column":25},"end":{"line":33,"column":113}},"12":{"start":{"line":34,"column":25},"end":{"line":34,"column":113}},"13":{"start":{"line":35,"column":26},"end":{"line":35,"column":41}},"14":{"start":{"line":38,"column":6},"end":{"line":38,"column":94}},"15":{"start":{"line":40,"column":31},"end":{"line":48,"column":8}},"16":{"start":{"line":44,"column":14},"end":{"line":44,"column":86}},"17":{"start":{"line":49,"column":6},"end":{"line":49,"column":30}},"18":{"start":{"line":54,"column":19},"end":{"line":71,"column":3}},"19":{"start":{"line":55,"column":22},"end":{"line":69,"column":6}},"20":{"start":{"line":56,"column":20},"end":{"line":56,"column":29}},"21":{"start":{"line":57,"column":20},"end":{"line":57,"column":62}},"22":{"start":{"line":58,"column":20},"end":{"line":58,"column":62}},"23":{"start":{"line":59,"column":20},"end":{"line":59,"column":62}},"24":{"start":{"line":60,"column":16},"end":{"line":60,"column":25}},"25":{"start":{"line":61,"column":17},"end":{"line":61,"column":26}},"26":{"start":{"line":62,"column":16},"end":{"line":62,"column":25}},"27":{"start":{"line":63,"column":19},"end":{"line":63,"column":28}},"28":{"start":{"line":64,"column":19},"end":{"line":64,"column":28}},"29":{"start":{"line":65,"column":20},"end":{"line":65,"column":64}},"30":{"start":{"line":66,"column":25},"end":{"line":66,"column":69}},"31":{"start":{"line":68,"column":8},"end":{"line":68,"column":60}},"32":{"start":{"line":70,"column":4},"end":{"line":70,"column":21}},"33":{"start":{"line":74,"column":2},"end":{"line":81,"column":4}},"34":{"start":{"line":76,"column":29},"end":{"line":76,"column":44}},"35":{"start":{"line":77,"column":32},"end":{"line":80,"column":6}},"36":{"start":{"line":78,"column":17},"end":{"line":78,"column":42}},"37":{"start":{"line":78,"column":37},"end":{"line":78,"column":39}},"38":{"start":{"line":79,"column":24},"end":{"line":79,"column":26}},"39":{"start":{"line":85,"column":0},"end":{"line":104,"column":1}},"40":{"start":{"line":86,"column":22},"end":{"line":86,"column":106}},"41":{"start":{"line":89,"column":2},"end":{"line":103,"column":7}},"42":{"start":{"line":91,"column":6},"end":{"line":99,"column":7}},"43":{"start":{"line":92,"column":28},"end":{"line":92,"column":138}},"44":{"start":{"line":93,"column":8},"end":{"line":96,"column":9}},"45":{"start":{"line":94,"column":30},"end":{"line":94,"column":173}},"46":{"start":{"line":95,"column":30},"end":{"line":95,"column":181}},"47":{"start":{"line":98,"column":28},"end":{"line":98,"column":164}},"48":{"start":{"line":102,"column":26},"end":{"line":102,"column":118}},"49":{"start":{"line":107,"column":0},"end":{"line":113,"column":1}},"50":{"start":{"line":108,"column":2},"end":{"line":112,"column":3}},"51":{"start":{"line":109,"column":24},"end":{"line":109,"column":105}},"52":{"start":{"line":111,"column":4},"end":{"line":111,"column":64}},"53":{"start":{"line":121,"column":35},"end":{"line":135,"column":1}},"54":{"start":{"line":123,"column":23},"end":{"line":123,"column":98}},"55":{"start":{"line":125,"column":2},"end":{"line":127,"column":3}},"56":{"start":{"line":126,"column":4},"end":{"line":126,"column":63}},"57":{"start":{"line":129,"column":2},"end":{"line":134,"column":5}},"58":{"start":{"line":121,"column":13},"end":{"line":121,"column":35}},"59":{"start":{"line":142,"column":85},"end":{"line":142,"column":40138}},"60":{"start":{"line":142,"column":89},"end":{"line":142,"column":40127}},"61":{"start":{"line":142,"column":40253},"end":{"line":142,"column":40259}},"62":{"start":{"line":142,"column":40374},"end":{"line":142,"column":40380}},"63":{"start":{"line":142,"column":40495},"end":{"line":142,"column":40501}},"64":{"start":{"line":142,"column":40620},"end":{"line":142,"column":40626}},"65":{"start":{"line":142,"column":40770},"end":{"line":142,"column":40776}}},"fnMap":{"0":{"name":"(anonymous_0)","decl":{"start":{"line":15,"column":9},"end":{"line":15,"column":17}},"loc":{"start":{"line":15,"column":9},"end":{"line":11,"column":19}}},"1":{"name":"(anonymous_1)","decl":{"start":{"line":15,"column":19},"end":{"line":15,"column":29}},"loc":{"start":{"line":15,"column":19},"end":{"line":11,"column":31}}},"2":{"name":"(anonymous_2)","decl":{"start":{"line":15,"column":31},"end":{"line":15,"column":38}},"loc":{"start":{"line":15,"column":31},"end":{"line":11,"column":73}}},"3":{"name":"createMockClient","decl":{"start":{"line":26,"column":9},"end":{"line":26,"column":25}},"loc":{"start":{"line":26,"column":25},"end":{"line":82,"column":1}}},"4":{"name":"(anonymous_4)","decl":{"start":{"line":31,"column":16},"end":{"line":31,"column":21}},"loc":{"start":{"line":31,"column":29},"end":{"line":31,"column":69}}},"5":{"name":"(anonymous_5)","decl":{"start":{"line":32,"column":13},"end":{"line":32,"column":18}},"loc":{"start":{"line":32,"column":26},"end":{"line":32,"column":63}}},"6":{"name":"(anonymous_6)","decl":{"start":{"line":33,"column":12},"end":{"line":33,"column":17}},"loc":{"start":{"line":33,"column":25},"end":{"line":33,"column":113}}},"7":{"name":"(anonymous_7)","decl":{"start":{"line":34,"column":12},"end":{"line":34,"column":17}},"loc":{"start":{"line":34,"column":25},"end":{"line":34,"column":113}}},"8":{"name":"(anonymous_8)","decl":{"start":{"line":35,"column":13},"end":{"line":35,"column":18}},"loc":{"start":{"line":35,"column":26},"end":{"line":35,"column":41}}},"9":{"name":"(anonymous_9)","decl":{"start":{"line":37,"column":23},"end":{"line":37,"column":24}},"loc":{"start":{"line":37,"column":79},"end":{"line":50,"column":5}}},"10":{"name":"(anonymous_10)","decl":{"start":{"line":43,"column":25},"end":{"line":43,"column":28}},"loc":{"start":{"line":43,"column":30},"end":{"line":45,"column":13}}},"11":{"name":"(anonymous_11)","decl":{"start":{"line":54,"column":19},"end":{"line":54,"column":20}},"loc":{"start":{"line":54,"column":37},"end":{"line":71,"column":3}}},"12":{"name":"(anonymous_12)","decl":{"start":{"line":56,"column":14},"end":{"line":56,"column":17}},"loc":{"start":{"line":56,"column":20},"end":{"line":56,"column":29}}},"13":{"name":"(anonymous_13)","decl":{"start":{"line":57,"column":14},"end":{"line":57,"column":17}},"loc":{"start":{"line":57,"column":20},"end":{"line":57,"column":62}}},"14":{"name":"(anonymous_14)","decl":{"start":{"line":58,"column":14},"end":{"line":58,"column":17}},"loc":{"start":{"line":58,"column":20},"end":{"line":58,"column":62}}},"15":{"name":"(anonymous_15)","decl":{"start":{"line":59,"column":14},"end":{"line":59,"column":17}},"loc":{"start":{"line":59,"column":20},"end":{"line":59,"column":62}}},"16":{"name":"(anonymous_16)","decl":{"start":{"line":60,"column":10},"end":{"line":60,"column":13}},"loc":{"start":{"line":60,"column":16},"end":{"line":60,"column":25}}},"17":{"name":"(anonymous_17)","decl":{"start":{"line":61,"column":11},"end":{"line":61,"column":14}},"loc":{"start":{"line":61,"column":17},"end":{"line":61,"column":26}}},"18":{"name":"(anonymous_18)","decl":{"start":{"line":62,"column":10},"end":{"line":62,"column":13}},"loc":{"start":{"line":62,"column":16},"end":{"line":62,"column":25}}},"19":{"name":"(anonymous_19)","decl":{"start":{"line":63,"column":13},"end":{"line":63,"column":16}},"loc":{"start":{"line":63,"column":19},"end":{"line":63,"column":28}}},"20":{"name":"(anonymous_20)","decl":{"start":{"line":64,"column":13},"end":{"line":64,"column":16}},"loc":{"start":{"line":64,"column":19},"end":{"line":64,"column":28}}},"21":{"name":"(anonymous_21)","decl":{"start":{"line":65,"column":14},"end":{"line":65,"column":17}},"loc":{"start":{"line":65,"column":20},"end":{"line":65,"column":64}}},"22":{"name":"(anonymous_22)","decl":{"start":{"line":66,"column":19},"end":{"line":66,"column":22}},"loc":{"start":{"line":66,"column":25},"end":{"line":66,"column":69}}},"23":{"name":"(anonymous_23)","decl":{"start":{"line":67,"column":12},"end":{"line":67,"column":13}},"loc":{"start":{"line":68,"column":8},"end":{"line":68,"column":60}}},"24":{"name":"(anonymous_24)","decl":{"start":{"line":76,"column":10},"end":{"line":76,"column":11}},"loc":{"start":{"line":76,"column":29},"end":{"line":76,"column":44}}},"25":{"name":"(anonymous_25)","decl":{"start":{"line":77,"column":13},"end":{"line":77,"column":14}},"loc":{"start":{"line":77,"column":32},"end":{"line":80,"column":6}}},"26":{"name":"(anonymous_26)","decl":{"start":{"line":78,"column":10},"end":{"line":78,"column":13}},"loc":{"start":{"line":78,"column":17},"end":{"line":78,"column":42}}},"27":{"name":"(anonymous_27)","decl":{"start":{"line":78,"column":30},"end":{"line":78,"column":33}},"loc":{"start":{"line":78,"column":37},"end":{"line":78,"column":39}}},"28":{"name":"(anonymous_28)","decl":{"start":{"line":79,"column":17},"end":{"line":79,"column":20}},"loc":{"start":{"line":79,"column":24},"end":{"line":79,"column":26}}},"29":{"name":"(anonymous_29)","decl":{"start":{"line":90,"column":10},"end":{"line":90,"column":18}},"loc":{"start":{"line":90,"column":21},"end":{"line":100,"column":5}}},"30":{"name":"(anonymous_30)","decl":{"start":{"line":101,"column":11},"end":{"line":101,"column":14}},"loc":{"start":{"line":101,"column":17},"end":{"line":103,"column":5}}},"31":{"name":"(anonymous_31)","decl":{"start":{"line":121,"column":35},"end":{"line":121,"column":36}},"loc":{"start":{"line":121,"column":58},"end":{"line":135,"column":1}}},"32":{"name":"oo_cm","decl":{"start":{"line":142,"column":77},"end":{"line":142,"column":82}},"loc":{"start":{"line":142,"column":82},"end":{"line":142,"column":40139}}}},"branchMap":{"0":{"loc":{"start":{"line":18,"column":0},"end":{"line":20,"column":1}},"type":"if","locations":[{"start":{"line":18,"column":0},"end":{"line":20,"column":1}}]},"1":{"loc":{"start":{"line":85,"column":0},"end":{"line":104,"column":1}},"type":"if","locations":[{"start":{"line":85,"column":0},"end":{"line":104,"column":1}}]},"2":{"loc":{"start":{"line":91,"column":6},"end":{"line":99,"column":7}},"type":"if","locations":[{"start":{"line":91,"column":6},"end":{"line":99,"column":7}},{"start":{"line":97,"column":13},"end":{"line":99,"column":7}}]},"3":{"loc":{"start":{"line":93,"column":8},"end":{"line":96,"column":9}},"type":"if","locations":[{"start":{"line":93,"column":8},"end":{"line":96,"column":9}}]},"4":{"loc":{"start":{"line":98,"column":114},"end":{"line":98,"column":161}},"type":"cond-expr","locations":[{"start":{"line":98,"column":130},"end":{"line":98,"column":146}},{"start":{"line":98,"column":149},"end":{"line":98,"column":161}}]},"5":{"loc":{"start":{"line":107,"column":0},"end":{"line":113,"column":1}},"type":"if","locations":[{"start":{"line":107,"column":0},"end":{"line":113,"column":1}}]},"6":{"loc":{"start":{"line":107,"column":4},"end":{"line":107,"column":95}},"type":"binary-expr","locations":[{"start":{"line":107,"column":4},"end":{"line":107,"column":41}},{"start":{"line":107,"column":45},"end":{"line":107,"column":53}},{"start":{"line":107,"column":57},"end":{"line":107,"column":95}}]},"7":{"loc":{"start":{"line":123,"column":23},"end":{"line":123,"column":98}},"type":"binary-expr","locations":[{"start":{"line":123,"column":23},"end":{"line":123,"column":52}},{"start":{"line":123,"column":56},"end":{"line":123,"column":98}}]},"8":{"loc":{"start":{"line":125,"column":2},"end":{"line":127,"column":3}},"type":"if","locations":[{"start":{"line":125,"column":2},"end":{"line":127,"column":3}}]},"9":{"loc":{"start":{"line":142,"column":96},"end":{"line":142,"column":40126}},"type":"binary-expr","locations":[{"start":{"line":142,"column":96},"end":{"line":142,"column":133}},{"start":{"line":142,"column":137},"end":{"line":142,"column":40126}}]}},"s":{"0":1,"1":1,"2":1,"3":1,"4":1,"5":1,"6":1,"7":0,"8":0,"9":0,"10":0,"11":0,"12":0,"13":0,"14":0,"15":0,"16":0,"17":0,"18":0,"19":0,"20":0,"21":0,"22":0,"23":0,"24":0,"25":0,"26":0,"27":0,"28":0,"29":0,"30":0,"31":0,"32":0,"33":0,"34":0,"35":0,"36":0,"37":0,"38":0,"39":1,"40":1,"41":1,"42":1,"43":0,"44":0,"45":0,"46":0,"47":1,"48":0,"49":1,"50":1,"51":1,"52":0,"53":1,"54":0,"55":0,"56":0,"57":0,"58":1,"59":4,"60":4,"61":1,"62":1,"63":1,"64":1,"65":1},"f":{"0":0,"1":0,"2":0,"3":0,"4":0,"5":0,"6":0,"7":0,"8":0,"9":0,"10":0,"11":0,"12":0,"13":0,"14":0,"15":0,"16":0,"17":0,"18":0,"19":0,"20":0,"21":0,"22":0,"23":0,"24":0,"25":0,"26":0,"27":0,"28":0,"29":1,"30":0,"31":0,"32":4},"b":{"0":[1],"1":[1],"2":[0,1],"3":[0],"4":[1,0],"5":[1],"6":[1,1,1],"7":[0,0],"8":[0],"9":[4,0]}}
,"/workspaces/snakkaz-chat/src/integrations/supabase/secure-client.ts": {"path":"/workspaces/snakkaz-chat/src/integrations/supabase/secure-client.ts","statementMap":{"0":{"start":{"line":41,"column":0},"end":{"line":41,"column":7}},"1":{"start":{"line":70,"column":0},"end":{"line":70,"column":7}},"2":{"start":{"line":8,"column":0},"end":{"line":8,"column":48}},"3":{"start":{"line":9,"column":0},"end":{"line":9,"column":83}},"4":{"start":{"line":12,"column":18},"end":{"line":15,"column":1}},"5":{"start":{"line":13,"column":22},"end":{"line":13,"column":101}},"6":{"start":{"line":18,"column":22},"end":{"line":35,"column":2}},"7":{"start":{"line":38,"column":13},"end":{"line":38,"column":39}},"8":{"start":{"line":42,"column":2},"end":{"line":66,"column":3}},"9":{"start":{"line":44,"column":4},"end":{"line":46,"column":5}},"10":{"start":{"line":45,"column":6},"end":{"line":45,"column":89}},"11":{"start":{"line":49,"column":28},"end":{"line":52,"column":6}},"12":{"start":{"line":54,"column":4},"end":{"line":54,"column":27}},"13":{"start":{"line":54,"column":15},"end":{"line":54,"column":27}},"14":{"start":{"line":55,"column":4},"end":{"line":55,"column":16}},"15":{"start":{"line":58,"column":24},"end":{"line":58,"column":115}},"16":{"start":{"line":60,"column":4},"end":{"line":64,"column":6}},"17":{"start":{"line":65,"column":4},"end":{"line":65,"column":16}},"18":{"start":{"line":71,"column":2},"end":{"line":83,"column":3}},"19":{"start":{"line":72,"column":22},"end":{"line":72,"column":57}},"20":{"start":{"line":73,"column":4},"end":{"line":73,"column":27}},"21":{"start":{"line":73,"column":15},"end":{"line":73,"column":27}},"22":{"start":{"line":76,"column":4},"end":{"line":76,"column":51}},"23":{"start":{"line":77,"column":4},"end":{"line":77,"column":53}},"24":{"start":{"line":79,"column":4},"end":{"line":79,"column":16}},"25":{"start":{"line":81,"column":24},"end":{"line":81,"column":108}},"26":{"start":{"line":82,"column":4},"end":{"line":82,"column":17}},"27":{"start":{"line":89,"column":31},"end":{"line":93,"column":4}},"28":{"start":{"line":96,"column":22},"end":{"line":100,"column":4}},"29":{"start":{"line":103,"column":2},"end":{"line":103,"column":88}},"30":{"start":{"line":103,"column":67},"end":{"line":103,"column":86}},"31":{"start":{"line":111,"column":85},"end":{"line":111,"column":40138}},"32":{"start":{"line":111,"column":89},"end":{"line":111,"column":40127}},"33":{"start":{"line":111,"column":40253},"end":{"line":111,"column":40259}},"34":{"start":{"line":111,"column":40374},"end":{"line":111,"column":40380}},"35":{"start":{"line":111,"column":40495},"end":{"line":111,"column":40501}},"36":{"start":{"line":111,"column":40620},"end":{"line":111,"column":40626}},"37":{"start":{"line":111,"column":40770},"end":{"line":111,"column":4077
[...]
:{"line":42,"column":6},"end":{"line":42,"column":50}},"23":{"start":{"line":43,"column":26},"end":{"line":43,"column":102}},"24":{"start":{"line":45,"column":6},"end":{"line":45,"column":114}},"25":{"start":{"line":47,"column":26},"end":{"line":47,"column":116}},"26":{"start":{"line":52,"column":4},"end":{"line":54,"column":5}},"27":{"start":{"line":53,"column":6},"end":{"line":53,"column":30}},"28":{"start":{"line":56,"column":4},"end":{"line":70,"column":6}},"29":{"start":{"line":58,"column":23},"end":{"line":58,"column":74}},"30":{"start":{"line":61,"column":8},"end":{"line":66,"column":9}},"31":{"start":{"line":62,"column":24},"end":{"line":62,"column":65}},"32":{"start":{"line":63,"column":10},"end":{"line":65,"column":11}},"33":{"start":{"line":64,"column":12},"end":{"line":64,"column":92}},"34":{"start":{"line":68,"column":8},"end":{"line":68,"column":22}},"35":{"start":{"line":72,"column":4},"end":{"line":72,"column":33}},"36":{"start":{"line":76,"column":4},"end":{"line":89,"column":5}},"37":{"start":{"line":77,"column":25},"end":{"line":77,"column":90}},"38":{"start":{"line":80,"column":6},"end":{"line":83,"column":7}},"39":{"start":{"line":82,"column":8},"end":{"line":82,"column":110}},"40":{"start":{"line":85,"column":6},"end":{"line":85,"column":24}},"41":{"start":{"line":87,"column":26},"end":{"line":87,"column":123}},"42":{"start":{"line":88,"column":6},"end":{"line":88,"column":18}},"43":{"start":{"line":93,"column":4},"end":{"line":111,"column":5}},"44":{"start":{"line":94,"column":6},"end":{"line":94,"column":78}},"45":{"start":{"line":96,"column":26},"end":{"line":96,"column":128}},"46":{"start":{"line":99,"column":6},"end":{"line":110,"column":7}},"47":{"start":{"line":100,"column":8},"end":{"line":107,"column":9}},"48":{"start":{"line":101,"column":10},"end":{"line":101,"column":46}},"49":{"start":{"line":103,"column":10},"end":{"line":103,"column":82}},"50":{"start":{"line":105,"column":30},"end":{"line":105,"column":145}},"51":{"start":{"line":106,"column":10},"end":{"line":106,"column":22}},"52":{"start":{"line":109,"column":8},"end":{"line":109,"column":20}},"53":{"start":{"line":115,"column":4},"end":{"line":115,"column":38}},"54":{"start":{"line":118,"column":28},"end":{"line":118,"column":78}},"55":{"start":{"line":121,"column":4},"end":{"line":121,"column":69}},"56":{"start":{"line":124,"column":4},"end":{"line":124,"column":112}},"57":{"start":{"line":125,"column":4},"end":{"line":125,"column":87}},"58":{"start":{"line":128,"column":4},"end":{"line":128,"column":34}},"59":{"start":{"line":132,"column":4},"end":{"line":175,"column":5}},"60":{"start":{"line":134,"column":6},"end":{"line":169,"column":7}},"61":{"start":{"line":135,"column":28},"end":{"line":135,"column":148}},"62":{"start":{"line":138,"column":8},"end":{"line":168,"column":9}},"63":{"start":{"line":139,"column":10},"end":{"line":165,"column":11}},"64":{"start":{"line":140,"column":12},"end":{"line":140,"column":74}},"65":{"start":{"line":143,"column":40},"end":{"line":143,"column":45}},"66":{"start":{"line":144,"column":27},"end":{"line":144,"column":28}},"67":{"start":{"line":145,"column":32},"end":{"line":145,"column":33}},"68":{"start":{"line":147,"column":12},"end":{"line":157,"column":13}},"69":{"start":{"line":148,"column":14},"end":{"line":151,"column":15}},"70":{"start":{"line":149,"column":16},"end":{"line":149,"column":45}},"71":{"start":{"line":150,"column":16},"end":{"line":150,"column":22}},"72":{"start":{"line":154,"column":31},"end":{"line":154,"column":76}},"73":{"start":{"line":155,"column":14},"end":{"line":155,"column":74}},"74":{"start":{"line":155,"column":43},"end":{"line":155,"column":72}},"75":{"start":{"line":156,"column":14},"end":{"line":156,"column":25}},"76":{"start":{"line":159,"column":12},"end":{"line":161,"column":13}},"77":{"start":{"line":160,"column":14},"end":{"line":160,"column":114}},"78":{"start":{"line":163,"column":32},"end":{"line":163,"column":144}},"79":{"start":{"line":164,"column":12},"end":{"line":164,"column":82}},"80":{"start":{"line":167,"column":10},"end":{"line":167,"column":77}},"81":{"start":{"line":171,"column":6},"end":{"line":171,"column":74}},"82":{"start":{"line":173,"column":26},"end":{"line":173,"column":133}},"83":{"start":{"line":174,"column":6},"end":{"line":174,"column":18}},"84":{"start":{"line":179,"column":4},"end":{"line":179,"column":48}},"85":{"start":{"line":183,"column":4},"end":{"line":183,"column":46}},"86":{"start":{"line":187,"column":4},"end":{"line":187,"column":43}},"87":{"start":{"line":191,"column":4},"end":{"line":191,"column":61}},"88":{"start":{"line":195,"column":4},"end":{"line":195,"column":62}},"89":{"start":{"line":200,"column":4},"end":{"line":202,"column":5}},"90":{"start":{"line":201,"column":6},"end":{"line":201,"column":73}},"91":{"start":{"line":204,"column":4},"end":{"line":204,"column":96}},"92":{"start":{"line":209,"column":4},"end":{"line":209,"column":59}},"93":{"start":{"line":214,"column":4},"end":{"line":214,"column":103}},"94":{"start":{"line":219,"column":4},"end":{"line":237,"column":5}},"95":{"start":{"line":220,"column":6},"end":{"line":223,"column":7}},"96":{"start":{"line":222,"column":8},"end":{"line":222,"column":43}},"97":{"start":{"line":226,"column":28},"end":{"line":230,"column":8}},"98":{"start":{"line":232,"column":6},"end":{"line":232,"column":73}},"99":{"start":{"line":233,"column":6},"end":{"line":233,"column":18}},"100":{"start":{"line":235,"column":26},"end":{"line":235,"column":134}},"101":{"start":{"line":236,"column":6},"end":{"line":236,"column":19}},"102":{"start":{"line":9,"column":0},"end":{"line":9,"column":13}},"103":{"start":{"line":246,"column":85},"end":{"line":246,"column":40138}},"104":{"start":{"line":246,"column":89},"end":{"line":246,"column":40127}},"105":{"start":{"line":246,"column":40253},"end":{"line":246,"column":40259}},"106":{"start":{"line":246,"column":40374},"end":{"line":246,"column":40380}},"107":{"start":{"line":246,"column":40495},"end":{"line":246,"column":40501}},"108":{"start":{"line":246,"column":40620},"end":{"line":246,"column":40626}},"109":{"start":{"line":246,"column":40770},"end":{"line":246,"column":40776}}},"fnMap":{"0":{"name":"(anonymous_0)","decl":{"start":{"line":24,"column":2},"end":{"line":24,"column":null}},"loc":{"start":{"line":26,"column":31},"end":{"line":38,"column":3}}},"1":{"name":"(anonymous_1)","decl":{"start":{"line":40,"column":10},"end":{"line":40,"column":15}},"loc":{"start":{"line":40,"column":33},"end":{"line":49,"column":3}}},"2":{"name":"(anonymous_2)","decl":{"start":{"line":51,"column":10},"end":{"line":51,"column":32}},"loc":{"start":{"line":51,"column":32},"end":{"line":73,"column":3}}},"3":{"name":"(anonymous_3)","decl":{"start":{"line":57,"column":6},"end":{"line":57,"column":11}},"loc":{"start":{"line":57,"column":23},"end":{"line":69,"column":7}}},"4":{"name":"(anonymous_4)","decl":{"start":{"line":75,"column":9},"end":{"line":75,"column":14}},"loc":{"start":{"line":75,"column":70},"end":{"line":90,"column":3}}},"5":{"name":"(anonymous_5)","decl":{"start":{"line":92,"column":9},"end":{"line":92,"column":14}},"loc":{"start":{"line":92,"column":85},"end":{"line":112,"column":3}}},"6":{"name":"(anonymous_6)","decl":{"start":{"line":114,"column":9},"end":{"line":114,"column":18}},"loc":{"start":{"line":114,"column":70},"end":{"line":129,"column":3}}},"7":{"name":"(anonymous_7)","decl":{"start":{"line":131,"column":9},"end":{"line":131,"column":14}},"loc":{"start":{"line":131,"column":64},"end":{"line":176,"column":3}}},"8":{"name":"(anonymous_8)","decl":{"start":{"line":155,"column":32},"end":{"line":155,"column":39}},"loc":{"start":{"line":155,"column":43},"end":{"line":155,"column":72}}},"9":{"name":"(anonymous_9)","decl":{"start":{"line":178,"column":9},"end":{"line":178,"column":21}},"loc":{"start":{"line":178,"column":21},"end":{"line":180,"column":3}}},"10":{"name":"(anonymous_10)","decl":{"start":{"line":182,"column":9},"end":{"line":182,"column":19}},"loc":{"start":{"line":182,"column":34},"end":{"line":184,"column":3}}},"11":{"name":"(anonymous_11)","decl":{"start":{"line":186,"column":9},"end":{"line":186,"column":22}},"loc":{"start":{"line":186,"column":22},"end":{"line":188,"column":3}}},"12":{"name":"(anonymous_12)","decl":{"start":{"line":190,"column":9},"end":{"line":190,"column":27}},"loc":{"start":{"line":190,"column":42},"end":{"line":192,"column":3}}},"13":{"name":"(anonymous_13)","decl":{"start":{"line":194,"column":9},"end":{"line":194,"column":28}},"loc":{"start":{"line":194,"column":43},"end":{"line":196,"column":3}}},"14":{"name":"(anonymous_14)","decl":{"start":{"line":199,"column":9},"end":{"line":199,"column":14}},"loc":{"start":{"line":199,"column":46},"end":{"line":205,"column":3}}},"15":{"name":"(anonymous_15)","decl":{"start":{"line":208,"column":9},"end":{"line":208,"column":20}},"loc":{"start":{"line":208,"column":35},"end":{"line":210,"column":3}}},"16":{"name":"(anonymous_16)","decl":{"start":{"line":213,"column":9},"end":{"line":213,"column":14}},"loc":{"start":{"line":213,"column":45},"end":{"line":215,"column":3}}},"17":{"name":"(anonymous_17)","decl":{"start":{"line":218,"column":9},"end":{"line":218,"column":14}},"loc":{"start":{"line":218,"column":68},"end":{"line":238,"column":3}}},"18":{"name":"oo_cm","decl":{"start":{"line":246,"column":77},"end":{"line":246,"column":82}},"loc":{"start":{"line":246,"column":82},"end":{"line":246,"column":40139}}}},"branchMap":{"0":{"loc":{"start":{"line":26,"column":4},"end":{"line":26,"column":31}},"type":"default-arg","locations":[{"start":{"line":26,"column":29},"end":{"line":26,"column":31}}]},"1":{"loc":{"start":{"line":28,"column":12},"end":{"line":28,"column":36}},"type":"default-arg","locations":[{"start":{"line":28,"column":35},"end":{"line":28,"column":36}}]},"2":{"loc":{"start":{"line":52,"column":4},"end":{"line":54,"column":5}},"type":"if","locations":[{"start":{"line":52,"column":4},"end":{"line":54,"column":5}}]},"3":{"loc":{"start":{"line":61,"column":8},"end":{"line":66,"column":9}},"type":"if","locations":[{"start":{"line":61,"column":8},"end":{"line":66,"column":9}}]},"4":{"loc":{"start":{"line":61,"column":12},"end":{"line":61,"column":60}},"type":"binary-expr","locations":[{"start":{"line":61,"column":12},"end":{"line":61,"column":28}},{"start":{"line":61,"column":32},"end":{"line":61,"column":60}}]},"5":{"loc":{"start":{"line":63,"column":10},"end":{"line":65,"column":11}},"type":"if","locations":[{"start":{"line":63,"column":10},"end":{"line":65,"column":11}}]},"6":{"loc":{"start":{"line":80,"column":6},"end":{"line":83,"column":7}},"type":"if","locations":[{"start":{"line":80,"column":6},"end":{"line":83,"column":7}}]},"7":{"loc":{"start":{"line":80,"column":10},"end":{"line":80,"column":52}},"type":"binary-expr","locations":[{"start":{"line":80,"column":10},"end":{"line":80,"column":20}},{"start":{"line":80,"column":24},"end":{"line":80,"column":52}}]},"8":{"loc":{"start":{"line":92,"column":60},"end":{"line":92,"column":85}},"type":"default-arg","locations":[{"start":{"line":92,"column":80},"end":{"line":92,"column":85}}]},"9":{"loc":{"start":{"line":99,"column":6},"end":{"line":110,"column":7}},"type":"if","locations":[{"start":{"line":99,"column":6},"end":{"line":110,"column":7}},{"start":{"line":108,"column":13},"end":{"line":110,"column":7}}]},"10":{"loc":{"start":{"line":134,"column":6},"end":{"line":169,"column":7}},"type":"if","locations":[{"start":{"line":134,"column":6},"end":{"line":169,"column":7}}]},"11":{"loc":{"start":{"line":138,"column":8},"end":{"line":168,"column":9}},"type":"if","locations":[{"start":{"line":138,"column":8},"end":{"line":168,"column":9}},{"start":{"line":166,"column":15},"end":{"line":168,"column":9}}]},"12":{"loc":{"start":{"line":147,"column":19},"end":{"line":147,"column":67}},"type":"binary-expr","locations":[{"start":{"line":147,"column":19},"end":{"line":147,"column":41}},{"start":{"line":147,"column":45},"end":{"line":147,"column":67}}]},"13":{"loc":{"start":{"line":148,"column":14},"end":{"line":151,"column":15}},"type":"if","locations":[{"start":{"line":148,"column":14},"end":{"line":151,"column":15}}]},"14":{"loc":{"start":{"line":159,"column":12},"end":{"line":161,"column":13}},"type":"if","locations":[{"start":{"line":159,"column":12},"end":{"line":161,"column":13}}]},"15":{"loc":{"start":{"line":179,"column":11},"end":{"line":179,"column":47}},"type":"binary-expr","locations":[{"start":{"line":179,"column":11},"end":{"line":179,"column":39}},{"start":{"line":179,"column":43},"end":{"line":179,"column":47}}]},"16":{"loc":{"start":{"line":200,"column":4},"end":{"line":202,"column":5}},"type":"if","locations":[{"start":{"line":200,"column":4},"end":{"line":202,"column":5}}]},"17":{"loc":{"start":{"line":220,"column":6},"end":{"line":223,"column":7}},"type":"if","locations":[{"start":{"line":220,"column":6},"end":{"line":223,"column":7}}]},"18":{"loc":{"start":{"line":246,"column":96},"end":{"line":246,"column":40126}},"type":"binary-expr","locations":[{"start":{"line":246,"column":96},"end":{"line":246,"column":133}},{"start":{"line":246,"column":137},"end":{"line":246,"column":40126}}]}},"s":{"0":1,"1":1,"2":1,"3":1,"4":1,"5":1,"6":15,"7":15,"8":15,"9":15,"10":15,"11":15,"12":15,"13":15,"14":15,"15":15,"16":15,"17":15,"18":15,"19":15,"20":15,"21":15,"22":15,"23":15,"24":15,"25":0,"26":16,"27":1,"28":16,"29":0,"30":0,"31":0,"32":0,"33":0,"34":0,"35":16,"36":1,"37":1,"38":1,"39":0,"40":1,"41":0,"42":0,"43":1,"44":1,"45":0,"46":0,"47":0,"48":0,"49":0,"50":0,"51":0,"52":0,"53":1,"54":1,"55":1,"56":1,"57":1,"58":1,"59":2,"60":2,"61":1,"62":1,"63":1,"64":1,"65":1,"66":1,"67":1,"68":1,"69":2,"70":1,"71":1,"72":1,"73":1,"74":1,"75":1,"76":1,"77":0,"78":0,"79":0,"80":0,"81":2,"82":0,"83":0,"84":1,"85":1,"86":1,"87":1,"88":1,"89":1,"90":0,"91":1,"92":2,"93":1,"94":1,"95":1,"96":0,"97":1,"98":1,"99":1,"100":0,"101":0,"102":1,"103":16,"104":16,"105":1,"106":1,"107":1,"108":1,"109":1},"f":{"0":15,"1":15,"2":16,"3":0,"4":1,"5":1,"6":1,"7":2,"8":1,"9":1,"10":1,"11":1,"12":1,"13":1,"14":1,"15":2,"16":1,"17":1,"18":16},"b":{"0":[15],"1":[15],"2":[1],"3":[0],"4":[0,0],"5":[0],"6":[0],"7":[1,1],"8":[1],"9":[0,0],"10":[1],"11":[1,0],"12":[2,2],"13":[1],"14":[0],"15":[1,0],"16":[0],"17":[0],"18":[16,1]}}
,"/workspaces/snakkaz-chat/tests/testUtils.tsx": {"path":"/workspaces/snakkaz-chat/tests/testUtils.tsx","statementMap":{"0":{"start":{"line":1,"column":0},"end":{"line":1,"column":44}},"1":{"start":{"line":2,"column":0},"end":{"line":2,"column":63}},"2":{"start":{"line":3,"column":0},"end":{"line":3,"column":67}},"3":{"start":{"line":4,"column":0},"end":{"line":4,"column":53}},"4":{"start":{"line":5,"column":0},"end":{"line":5,"column":73}},"5":{"start":{"line":8,"column":37},"end":{"line":21,"column":2}},"6":{"start":{"line":8,"column":58},"end":{"line":21,"column":2}},"7":{"start":{"line":8,"column":13},"end":{"line":8,"column":37}},"8":{"start":{"line":23,"column":13},"end":{"line":32,"column":2}},"9":{"start":{"line":34,"column":46},"end":{"line":38,"column":4}},"10":{"start":{"line":35,"column":2},"end":{"line":38,"column":4}},"11":{"start":{"line":34,"column":13},"end":{"line":34,"column":46}},"12":{"start":{"line":40,"column":48},"end":{"line":44,"column":4}},"13":{"start":{"line":41,"column":2},"end":{"line":44,"column":4}},"14":{"start":{"line":40,"column":13},"end":{"line":40,"column":48}},"15":{"start":{"line":57,"column":5},"end":{"line":79,"column":1}},"16":{"start":{"line":62,"column":22},"end":{"line":68,"column":4}},"17":{"start":{"line":70,"column":2},"end":{"line":78,"column":4}},"18":{"start":{"line":120,"column":33},"end":{"line":120,"column":48}},"19":{"start":{"line":81,"column":21},"end":{"line":98,"column":1}},"20":{"start":{"line":85,"column":57},"end":{"line":85,"column":64}},"21":{"start":{"line":87,"column":2},"end":{"line":97,"column":5}},"22":{"start":{"line":89,"column":6},"end":{"line":93,"column":null}},"23":{"start":{"line":120,"column":25},"end":{"line":120,"column":31}},"24":{"start":{"line":101,"column":30},"end":{"line":106,"column":1}},"25":{"start":{"line":102,"column":2},"end":{"line":105,"column":5}},"26":{"start":{"line":101,"column":13},"end":{"line":101,"column":30}},"27":{"start":{"line":108,"column":33},"end":{"line":114,"column":1}},"28":{"start":{"line":109,"column":22},"end":{"line":109,"column":79}},"29":{"start":{"line":110,"column":2},"end":{"line":113,"column":5}},"30":{"start":{"line":108,"column":13},"end":{"line":108,"column":33}},"31":{"start":{"line":117,"column":0},"end":{"line":117,"column":39}}},"fnMap":{"0":{"name":"(anonymous_5)","decl":{"start":{"line":8,"column":37},"end":{"line":8,"column":38}},"loc":{"start":{"line":8,"column":58},"end":{"line":21,"column":2}}},"1":{"name":"(anonymous_6)","decl":{"start":{"line":34,"column":46},"end":{"line":34,"column":47}},"loc":{"start":{"line":35,"column":2},"end":{"line":38,"column":4}}},"2":{"name":"(anonymous_7)","decl":{"start":{"line":40,"column":48},"end":{"line":40,"column":51}},"loc":{"start":{"line":41,"column":2},"end":{"line":44,"column":4}}},"3":{"name":"(anonymous_8)","decl":{"start":{"line":57,"column":5},"end":{"line":57,"column":6}},"loc":{"start":{"line":61,"column":5},"end":{"line":79,"column":1}}},"4":{"name":"(anonymous_9)","decl":{"start":{"line":81,"column":21},"end":{"line":81,"column":null}},"loc":{"start":{"line":84,"column":4},"end":{"line":98,"column":1}}},"5":{"name":"(anonymous_10)","decl":{"start":{"line":88,"column":13},"end":{"line":88,"column":14}},"loc":{"start":{"line":89,"column":6},"end":{"line":93,"column":null}}},"6":{"name":"(anonymous_11)","decl":{"start":{"line":101,"column":30},"end":{"line":101,"column":31}},"loc":{"start":{"line":101,"column":106},"end":{"line":106,"column":1}}},"7":{"name":"(anonymous_12)","decl":{"start":{"line":108,"column":33},"end":{"line":108,"column":34}},"loc":{"start":{"line":108,"column":89},"end":{"line":114,"column":1}}}},"branchMap":{"0":{"loc":{"start":{"line":8,"column":38},"end":{"line":8,"column":52}},"type":"default-arg","locations":[{"start":{"line":8,"column":50},"end":{"line":8,"column":52}}]},"1":{"loc":{"start":{"line":34,"column":47},"end":{"line":34,"column":65}},"type":"default-arg","locations":[{"start":{"line":34,"column":63},"end":{"line":34,"column":65}}]},"2":{"loc":{"start":{"line":59,"column":2},"end":{"line":59,"column":18}},"type":"default-arg","locations":[{"start":{"line":59,"column":16},"end":{"line":59,"column":18}}]},"3":{"loc":{"start":{"line":60,"column":2},"end":{"line":60,"column":50}},"type":"default-arg","locations":[{"start":{"line":60,"column":16},"end":{"line":60,"column":50}}]},"4":{"loc":{"start":{"line":83,"column":2},"end":{"line":83,"column":35}},"type":"default-arg","locations":[{"start":{"line":83,"column":33},"end":{"line":83,"column":35}}]},"5":{"loc":{"start":{"line":101,"column":49},"end":{"line":101,"column":67}},"type":"default-arg","locations":[{"start":{"line":101,"column":65},"end":{"line":101,"column":67}}]},"6":{"loc":{"start":{"line":101,"column":69},"end":{"line":101,"column":102}},"type":"default-arg","locations":[{"start":{"line":101,"column":100},"end":{"line":101,"column":102}}]},"7":{"loc":{"start":{"line":108,"column":52},"end":{"line":108,"column":85}},"type":"default-arg","locations":[{"start":{"line":108,"column":83},"end":{"line":108,"column":85}}]},"8":{"loc":{"start":{"line":109,"column":22},"end":{"line":109,"column":79}},"type":"binary-expr","locations":[{"start":{"line":109,"column":22},"end":{"line":109,"column":41}},{"start":{"line":109,"column":45},"end":{"line":109,"column":79}}]}},"s":{"0":2,"1":2,"2":2,"3":2,"4":2,"5":2,"6":21,"7":2,"8":2,"9":2,"10":3,"11":2,"12":2,"13":18,"14":2,"15":2,"16":21,"17":21,"18":2,"19":2,"20":21,"21":21,"22":21,"23":2,"24":2,"25":3,"26":2,"27":2,"28":0,"29":0,"30":2,"31":2},"f":{"0":21,"1":3,"2":18,"3":21,"4":21,"5":21,"6":3,"7":0},"b":{"0":[0],"1":[0],"2":[21],"3":[18],"4":[18],"5":[0],"6":[3],"7":[0],"8":[0,0]}}
}
