TN:
SF:src/components/chat/SimpleChat.tsx
FN:9,(anonymous_9)
FN:14,(anonymous_10)
FN:22,(anonymous_11)
FN:50,(anonymous_12)
FN:69,(anonymous_13)
FN:71,(anonymous_14)
FNF:6
FNH:3
FNDA:15,(anonymous_9)
FNDA:0,(anonymous_10)
FNDA:0,(anonymous_11)
FNDA:0,(anonymous_12)
FNDA:12,(anonymous_13)
FNDA:12,(anonymous_14)
DA:1,1
DA:2,1
DA:3,1
DA:4,1
DA:5,1
DA:6,1
DA:9,1
DA:10,15
DA:11,15
DA:12,15
DA:14,15
DA:15,0
DA:16,0
DA:22,0
DA:23,0
DA:27,15
DA:28,0
DA:36,15
DA:51,0
DA:69,12
DA:71,12
DA:89,1
LF:22
LH:16
BRDA:15,0,0,0
BRDA:15,1,0,0
BRDA:15,1,1,0
BRDA:19,2,0,0
BRDA:19,2,1,0
BRDA:27,3,0,0
BRDA:44,4,0,15
BRDA:44,4,1,0
BRDA:71,5,0,12
BRDA:71,5,1,0
BRF:10
BRH:2
end_of_record
TN:
SF:src/components/ui/alert.tsx
FN:25,(anonymous_9)
FN:38,(anonymous_10)
FN:50,(anonymous_11)
FNF:3
FNH:2
FNDA:18,(anonymous_9)
FNDA:0,(anonymous_10)
FNDA:18,(anonymous_11)
DA:1,1
DA:2,1
DA:4,1
DA:6,1
DA:22,1
DA:26,18
DA:33,1
DA:35,1
DA:39,0
DA:45,1
DA:47,1
DA:51,18
DA:57,1
DA:59,1
LF:14
LH:13
BRF:0
BRH:0
end_of_record
TN:
SF:src/components/ui/button.tsx
FN:50,(anonymous_9)
FNF:1
FNH:1
FNDA:200,(anonymous_9)
DA:1,2
DA:2,2
DA:3,2
DA:4,2
DA:7,2
DA:49,2
DA:51,200
DA:52,200
DA:61,2
DA:63,2
LF:10
LH:10
BRDA:50,0,0,200
BRDA:51,1,0,0
BRDA:51,1,1,200
BRF:3
BRH:2
end_of_record
TN:
SF:src/components/ui/card.tsx
FN:8,(anonymous_9)
FN:23,(anonymous_10)
FN:35,(anonymous_11)
FN:50,(anonymous_12)
FN:62,(anonymous_13)
FN:70,(anonymous_14)
FNF:6
FNH:5
FNDA:105,(anonymous_9)
FNDA:90,(anonymous_10)
FNDA:90,(anonymous_11)
FNDA:90,(anonymous_12)
FNDA:90,(anonymous_13)
FNDA:0,(anonymous_14)
DA:2,2
DA:3,2
DA:5,2
DA:9,105
DA:18,2
DA:20,2
DA:24,90
DA:30,2
DA:32,2
DA:36,90
DA:45,2
DA:47,2
DA:51,90
DA:57,2
DA:59,2
DA:63,90
DA:65,2
DA:67,2
DA:71,0
DA:77,2
DA:79,2
LF:21
LH:20
BRF:0
BRH:0
end_of_record
TN:
SF:src/components/ui/input.tsx
FN:10,(anonymous_9)
FNF:1
FNH:1
FNDA:109,(anonymous_9)
DA:3,2
DA:4,2
DA:9,2
DA:11,109
DA:25,2
DA:27,2
LF:6
LH:6
BRF:0
BRH:0
end_of_record
TN:
SF:src/components/ui/label.tsx
FN:15,(anonymous_9)
FNF:1
FNH:1
FNDA:94,(anonymous_9)
DA:1,1
DA:2,1
DA:3,1
DA:5,1
DA:7,1
DA:11,1
DA:16,94
DA:22,1
DA:24,1
LF:9
LH:9
BRF:0
BRH:0
end_of_record
TN:
SF:src/components/ui/scroll-area.tsx
FN:9,(anonymous_9)
FN:27,(anonymous_10)
FNF:2
FNH:2
FNDA:15,(anonymous_9)
FNDA:15,(anonymous_10)
DA:1,1
DA:2,1
DA:4,1
DA:6,1
DA:10,15
DA:22,1
DA:24,1
DA:28,15
DA:44,1
DA:46,1
LF:10
LH:10
BRDA:27,0,0,15
BRDA:33,1,0,15
BRDA:33,1,1,15
BRDA:35,2,0,15
BRDA:35,2,1,0
BRF:5
BRH:4
end_of_record
TN:
SF:src/components/ui/tabs.tsx
FN:11,(anonymous_9)
FN:26,(anonymous_10)
FN:41,(anonymous_11)
FNF:3
FNH:3
FNDA:90,(anonymous_9)
FNDA:187,(anonymous_10)
FNDA:187,(anonymous_11)
DA:1,1
DA:2,1
DA:4,1
DA:6,1
DA:8,1
DA:12,90
DA:21,1
DA:23,1
DA:27,187
DA:36,1
DA:38,1
DA:42,187
DA:51,1
DA:53,1
LF:14
LH:14
BRF:0
BRH:0
end_of_record
TN:
SF:src/components/ui/use-toast.ts
FNF:0
FNH:0
DA:11,1
DA:26,1
LF:2
LH:2
BRF:0
BRH:0
end_of_record
TN:
SF:src/contexts/AuthContext.tsx
FN:29,(anonymous_9)
FN:30,(anonymous_10)
FN:31,(anonymous_11)
FN:32,(anonymous_12)
FN:33,(anonymous_13)
FN:34,(anonymous_14)
FN:35,(anonymous_15)
FN:36,(anonymous_16)
FN:42,(anonymous_17)
FN:44,(anonymous_18)
FN:49,(anonymous_19)
FN:51,(anonymous_20)
FN:74,(anonymous_21)
FN:84,(anonymous_22)
FN:92,(anonymous_23)
FN:111,(anonymous_24)
FN:128,(anonymous_25)
FN:156,(anonymous_26)
FN:175,(anonymous_27)
FN:189,(anonymous_28)
FN:199,(anonymous_29)
FN:220,(anonymous_30)
FN:234,(anonymous_31)
FN:274,oo_cm
FNF:24
FNH:0
FNDA:0,(anonymous_9)
FNDA:0,(anonymous_10)
FNDA:0,(anonymous_11)
FNDA:0,(anonymous_12)
FNDA:0,(anonymous_13)
FNDA:0,(anonymous_14)
FNDA:0,(anonymous_15)
FNDA:0,(anonymous_16)
FNDA:0,(anonymous_17)
FNDA:0,(anonymous_18)
FNDA:0,(anonymous_19)
FNDA:0,(anonymous_20)
FNDA:0,(anonymous_21)
FNDA:0,(anonymous_22)
FNDA:0,(anonymous_23)
FNDA:0,(anonymous_24)
FNDA:0,(anonymous_25)
FNDA:0,(anonymous_26)
FNDA:0,(anonymous_27)
FNDA:0,(anonymous_28)
FNDA:0,(anonymous_29)
FNDA:0,(anonymous_30)
FNDA:0,(anonymous_31)
FNDA:0,oo_cm
DA:1,2
DA:2,2
DA:6,2
DA:8,0
DA:25,2
DA:40,2
DA:42,2
DA:44,2
DA:45,0
DA:46,0
DA:47,0
DA:49,0
DA:51,0
DA:52,0
DA:53,0
DA:55,0
DA:56,0
DA:59,0
DA:60,0
DA:63,0
DA:64,0
DA:66,0
DA:70,0
DA:73,0
DA:75,0
DA:76,0
DA:78,0
DA:80,0
DA:84,0
DA:85,0
DA:86,0
DA:92,0
DA:93,0
DA:94,0
DA:95,0
DA:97,0
DA:99,0
DA:100,0
DA:103,0
DA:104,0
DA:106,0
DA:111,0
DA:112,0
DA:113,0
DA:114,0
DA:116,0
DA:118,0
DA:120,0
DA:121,0
DA:123,0
DA:128,0
DA:129,0
DA:130,0
DA:131,0
DA:133,0
DA:143,0
DA:148,0
DA:149,0
DA:151,0
DA:156,0
DA:157,0
DA:158,0
DA:159,0
DA:161,0
DA:165,0
DA:167,0
DA:168,0
DA:170,0
DA:175,0
DA:176,0
DA:178,0
DA:179,0
DA:180,0
DA:182,0
DA:186,0
DA:189,0
DA:191,0
DA:192,0
DA:194,0
DA:199,0
DA:200,0
DA:202,0
DA:203,0
DA:204,0
DA:206,0
DA:210,0
DA:212,0
DA:213,0
DA:215,0
DA:220,0
DA:221,0
DA:223,0
DA:224,0
DA:226,0
DA:228,0
DA:229,0
DA:234,0
DA:235,0
DA:237,0
DA:240,0
DA:241,0
DA:243,0
DA:244,0
DA:248,0
DA:262,0
DA:274,2
LF:106
LH:8
BRDA:6,0,0,0
BRDA:6,1,0,2
BRDA:6,1,1,2
BRDA:55,2,0,0
BRDA:59,3,0,0
BRDA:63,4,0,0
BRDA:63,4,1,0
BRDA:75,5,0,0
BRDA:75,5,1,0
BRDA:85,6,0,0
BRDA:99,7,0,0
BRDA:103,8,0,0
BRDA:103,8,1,0
BRDA:120,9,0,0
BRDA:120,9,1,0
BRDA:143,10,0,0
BRDA:148,11,0,0
BRDA:148,11,1,0
BRDA:165,12,0,0
BRDA:167,13,0,0
BRDA:167,13,1,0
BRDA:176,14,0,0
BRDA:186,15,0,0
BRDA:189,16,0,0
BRDA:189,16,1,0
BRDA:191,17,0,0
BRDA:191,17,1,0
BRDA:200,18,0,0
BRDA:210,19,0,0
BRDA:212,20,0,0
BRDA:212,20,1,0
BRDA:221,21,0,0
BRDA:228,22,0,0
BRDA:228,22,1,0
BRDA:235,23,0,0
BRDA:243,24,0,0
BRDA:243,24,1,0
BRDA:274,25,0,0
BRDA:274,25,1,0
BRF:39
BRH:2
end_of_record
TN:
SF:src/features/auth/two-factor/TOTPSetup.tsx
FN:26,(anonymous_9)
FN:41,(anonymous_10)
FN:54,(anonymous_11)
FN:64,(anonymous_12)
FN:89,(anonymous_13)
FN:93,(anonymous_14)
FN:101,(anonymous_15)
FN:170,(anonymous_16)
FN:233,(anonymous_17)
FN:275,(anonymous_18)
FNF:10
FNH:4
FNDA:7,(anonymous_9)
FNDA:3,(anonymous_10)
FNDA:3,(anonymous_11)
FNDA:0,(anonymous_12)
FNDA:0,(anonymous_13)
FNDA:0,(anonymous_14)
FNDA:0,(anonymous_15)
FNDA:0,(anonymous_16)
FNDA:0,(anonymous_17)
FNDA:32,(anonymous_18)
DA:8,1
DA:9,1
DA:10,1
DA:11,1
DA:12,1
DA:13,1
DA:14,1
DA:15,1
DA:16,1
DA:17,1
DA:26,1
DA:32,7
DA:33,7
DA:34,7
DA:35,7
DA:36,7
DA:37,7
DA:38,7
DA:39,7
DA:41,7
DA:43,3
DA:44,3
DA:46,3
DA:47,3
DA:50,3
DA:51,3
DA:54,7
DA:55,3
DA:56,3
DA:58,24
DA:59,24
DA:61,3
DA:64,7
DA:65,0
DA:66,0
DA:67,0
DA:70,0
DA:71,0
DA:73,0
DA:74,0
DA:76,0
DA:77,0
DA:78,0
DA:80,0
DA:83,0
DA:85,0
DA:89,7
DA:90,0
DA:93,7
DA:94,0
DA:101,0
DA:105,0
DA:106,0
DA:107,0
DA:108,0
DA:109,0
DA:110,0
DA:111,0
DA:112,0
DA:113,0
DA:116,7
DA:170,0
DA:233,0
DA:276,32
DA:314,1
LF:65
LH:38
BRDA:65,0,0,0
BRDA:65,1,0,0
BRDA:65,1,1,0
BRDA:76,2,0,0
BRDA:76,2,1,0
BRDA:176,3,0,7
BRDA:176,3,1,0
BRDA:193,4,0,7
BRDA:193,4,1,7
BRDA:196,5,0,0
BRDA:196,5,1,7
BRDA:249,6,0,7
BRDA:249,6,1,7
BRDA:252,7,0,0
BRDA:252,7,1,7
BRF:15
BRH:7
end_of_record
TN:
SF:src/features/auth/two-factor/TOTPVerification.tsx
FN:19,(anonymous_9)
FN:34,(anonymous_10)
FN:73,(anonymous_11)
FN:107,(anonymous_12)
FN:114,(anonymous_13)
FN:134,(anonymous_14)
FN:154,(anonymous_15)
FN:181,(anonymous_16)
FNF:8
FNH:8
FNDA:83,(anonymous_9)
FNDA:5,(anonymous_10)
FNDA:1,(anonymous_11)
FNDA:52,(anonymous_12)
FNDA:8,(anonymous_13)
FNDA:3,(anonymous_14)
FNDA:52,(anonymous_15)
FNDA:8,(anonymous_16)
DA:1,1
DA:2,1
DA:3,1
DA:4,1
DA:5,1
DA:6,1
DA:7,1
DA:8,1
DA:9,1
DA:10,1
DA:19,1
DA:25,83
DA:26,83
DA:27,83
DA:28,83
DA:29,83
DA:31,83
DA:32,83
DA:34,83
DA:35,5
DA:36,0
DA:37,0
DA:40,5
DA:41,0
DA:42,0
DA:45,5
DA:46,5
DA:48,5
DA:49,5
DA:51,4
DA:53,1
DA:54,1
DA:55,1
DA:56,1
DA:58,0
DA:61,0
DA:64,3
DA:67,1
DA:69,5
DA:73,83
DA:74,1
DA:75,0
DA:76,0
DA:79,1
DA:80,1
DA:82,1
DA:83,1
DA:85,1
DA:87,1
DA:88,1
DA:89,1
DA:90,1
DA:92,0
DA:95,0
DA:98,0
DA:101,0
DA:103,1
DA:107,83
DA:109,52
DA:110,52
DA:111,52
DA:114,83
DA:116,8
DA:117,8
DA:118,8
DA:121,83
DA:134,3
DA:154,52
DA:181,8
LF:69
LH:57
BRDA:23,0,0,83
BRDA:35,1,0,0
BRDA:40,2,0,0
BRDA:51,3,0,1
BRDA:51,3,1,3
BRDA:53,4,0,1
BRDA:53,4,1,0
BRDA:55,5,0,1
BRDA:55,5,1,0
BRDA:58,6,0,0
BRDA:58,6,1,0
BRDA:74,7,0,0
BRDA:85,8,0,1
BRDA:85,8,1,0
BRDA:87,9,0,1
BRDA:87,9,1,0
BRDA:89,10,0,1
BRDA:89,10,1,0
BRDA:92,11,0,0
BRDA:92,11,1,0
BRDA:98,12,0,0
BRDA:98,12,1,0
BRDA:158,13,0,83
BRDA:158,13,1,83
BRDA:167,14,0,83
BRDA:167,14,1,83
BRDA:167,14,2,81
BRDA:170,15,0,2
BRDA:170,15,1,81
BRDA:185,16,0,83
BRDA:185,16,1,83
BRDA:194,17,0,83
BRDA:194,17,1,83
BRDA:194,17,2,81
BRDA:197,18,0,2
BRDA:197,18,1,81
BRDA:210,19,0,83
BRDA:210,19,1,4
BRDA:217,20,0,83
BRDA:217,20,1,83
BRDA:222,21,0,83
BRDA:222,21,1,83
BRF:42
BRH:28
end_of_record
TN:
SF:src/hooks/use-toast.ts
FN:23,(anonymous_9)
FN:28,(anonymous_10)
FN:32,(anonymous_11)
FN:36,(anonymous_12)
FN:44,(anonymous_13)
FN:48,(anonymous_14)
FN:54,(anonymous_15)
FN:55,(anonymous_16)
FN:55,(anonymous_17)
FN:58,(anonymous_18)
FN:72,(anonymous_19)
FN:91,oo_cm
FNF:12
FNH:0
FNDA:0,(anonymous_9)
FNDA:0,(anonymous_10)
FNDA:0,(anonymous_11)
FNDA:0,(anonymous_12)
FNDA:0,(anonymous_13)
FNDA:0,(anonymous_14)
FNDA:0,(anonymous_15)
FNDA:0,(anonymous_16)
FNDA:0,(anonymous_17)
FNDA:0,(anonymous_18)
FNDA:0,(anonymous_19)
FNDA:0,oo_cm
DA:1,1
DA:23,1
DA:26,1
DA:28,1
DA:29,0
DA:31,0
DA:33,0
DA:34,0
DA:36,0
DA:38,0
DA:44,0
DA:46,0
DA:47,0
DA:48,0
DA:49,0
DA:54,0
DA:55,0
DA:58,0
DA:59,0
DA:62,0
DA:72,1
DA:73,0
DA:74,0
DA:76,0
DA:78,0
DA:79,0
DA:91,1
LF:27
LH:6
BRDA:46,0,0,0
BRDA:73,1,0,0
BRDA:73,1,1,0
BRDA:91,2,0,0
BRDA:91,2,1,0
BRF:5
BRH:0
end_of_record
TN:
SF:src/integrations/supabase/client.ts
FN:15,(anonymous_0)
FN:15,(anonymous_1)
FN:15,(anonymous_2)
FN:26,createMockClient
FN:31,(anonymous_4)
FN:32,(anonymous_5)
FN:33,(anonymous_6)
FN:34,(anonymous_7)
FN:35,(anonymous_8)
FN:37,(anonymous_9)
FN:43,(anonymous_10)
FN:54,(anonymous_11)
FN:56,(anonymous_12)
FN:57,(anonymous_13)
FN:58,(anonymous_14)
FN:59,(anonymous_15)
FN:60,(anonymous_16)
FN:61,(anonymous_17)
FN:62,(anonymous_18)
FN:63,(anonymous_19)
FN:64,(anonymous_20)
FN:65,(anonymous_21)
FN:66,(anonymous_22)
FN:67,(anonymous_23)
FN:76,(anonymous_24)
FN:77,(anonymous_25)
FN:78,(anonymous_26)
FN:78,(anonymous_27)
FN:79,(anonymous_28)
FN:90,(anonymous_29)
FN:101,(anonymous_30)
FN:121,(anonymous_31)
FN:142,oo_cm
FNF:33
FNH:2
FNDA:0,(anonymous_0)
FNDA:0,(anonymous_1)
FNDA:0,(anonymous_2)
FNDA:0,createMockClient
FNDA:0,(anonymous_4)
FNDA:0,(anonymous_5)
FNDA:0,(anonymous_6)
FNDA:0,(anonymous_7)
FNDA:0,(anonymous_8)
FNDA:0,(anonymous_9)
FNDA:0,(anonymous_10)
FNDA:0,(anonymous_11)
FNDA:0,(anonymous_12)
FNDA:0,(anonymous_13)
FNDA:0,(anonymous_14)
FNDA:0,(anonymous_15)
FNDA:0,(anonymous_16)
FNDA:0,(anonymous_17)
FNDA:0,(anonymous_18)
FNDA:0,(anonymous_19)
FNDA:0,(anonymous_20)
FNDA:0,(anonymous_21)
FNDA:0,(anonymous_22)
FNDA:0,(anonymous_23)
FNDA:0,(anonymous_24)
FNDA:0,(anonymous_25)
FNDA:0,(anonymous_26)
FNDA:0,(anonymous_27)
FNDA:0,(anonymous_28)
FNDA:1,(anonymous_29)
FNDA:0,(anonymous_30)
FNDA:0,(anonymous_31)
FNDA:4,oo_cm
DA:11,1
DA:12,1
DA:15,1
DA:18,1
DA:19,1
DA:27,0
DA:30,0
DA:31,0
DA:32,0
DA:33,0
DA:34,0
DA:35,0
DA:38,0
DA:40,0
DA:44,0
DA:49,0
DA:54,0
DA:55,0
DA:56,0
DA:57,0
DA:58,0
DA:59,0
DA:60,0
DA:61,0
DA:62,0
DA:63,0
DA:64,0
DA:65,0
DA:66,0
DA:68,0
DA:70,0
DA:74,0
DA:76,0
DA:77,0
DA:78,0
DA:79,0
DA:85,1
DA:86,1
DA:89,1
DA:91,1
DA:92,0
DA:93,0
DA:94,0
DA:95,0
DA:98,1
DA:102,0
DA:107,1
DA:108,1
DA:109,1
DA:111,0
DA:121,1
DA:123,0
DA:125,0
DA:126,0
DA:129,0
DA:142,4
LF:56
LH:15
BRDA:18,0,0,1
BRDA:85,1,0,1
BRDA:91,2,0,0
BRDA:91,2,1,1
BRDA:93,3,0,0
BRDA:98,4,0,1
BRDA:98,4,1,0
BRDA:107,5,0,1
BRDA:107,6,0,1
BRDA:107,6,1,1
BRDA:107,6,2,1
BRDA:123,7,0,0
BRDA:123,7,1,0
BRDA:125,8,0,0
BRDA:142,9,0,4
BRDA:142,9,1,0
BRF:16
BRH:9
end_of_record
TN:
SF:src/integrations/supabase/secure-client.ts
FN:12,(anonymous_0)
FN:41,secureSignIn
FN:70,secureSignOut
FN:87,containsSuspiciousContent
FN:103,(anonymous_4)
FN:111,oo_cm
FNF:6
FNH:0
FNDA:0,(anonymous_0)
FNDA:0,secureSignIn
FNDA:0,secureSignOut
FNDA:0,containsSuspiciousContent
FNDA:0,(anonymous_4)
FNDA:0,oo_cm
DA:8,2
DA:9,2
DA:12,2
DA:13,0
DA:18,2
DA:38,2
DA:41,2
DA:42,0
DA:44,0
DA:45,0
DA:49,0
DA:54,0
DA:55,0
DA:58,0
DA:60,0
DA:65,0
DA:70,2
DA:71,0
DA:72,0
DA:73,0
DA:76,0
DA:77,0
DA:79,0
DA:81,0
DA:82,0
DA:89,0
DA:96,0
DA:103,0
DA:111,2
LF:29
LH:8
BRDA:12,0,0,0
BRDA:44,1,0,0
BRDA:44,2,0,0
BRDA:44,2,1,0
BRDA:54,3,0,0
BRDA:73,4,0,0
BRDA:111,5,0,0
BRDA:111,5,1,0
BRF:8
BRH:0
end_of_record
TN:
SF:src/lib/supabase-singleton.ts
FN:34,(anonymous_0)
FN:56,(anonymous_1)
FN:65,(anonymous_2)
FN:70,(anonymous_3)
FN:80,oo_cm
FNF:5
FNH:2
FNDA:3,(anonymous_0)
FNDA:0,(anonymous_1)
FNDA:0,(anonymous_2)
FNDA:0,(anonymous_3)
FNDA:6,oo_cm
DA:10,3
DA:14,3
DA:15,3
DA:19,3
DA:20,3
DA:28,3
DA:35,3
DA:37,3
DA:45,3
DA:46,3
DA:50,3
DA:57,0
DA:62,3
DA:65,3
DA:66,0
DA:67,0
DA:70,3
DA:71,0
DA:72,0
DA:80,6
LF:20
LH:15
BRDA:14,0,0,3
BRDA:14,0,1,3
BRDA:15,1,0,3
BRDA:15,1,1,3
BRDA:19,2,0,3
BRDA:35,3,0,3
BRDA:45,4,0,3
BRDA:67,5,0,0
BRDA:67,5,1,0
BRDA:72,6,0,0
BRDA:72,6,1,0
BRDA:80,7,0,6
BRDA:80,7,1,3
BRF:13
BRH:9
end_of_record
TN:
SF:src/lib/supabaseClient.ts
FN:16,(anonymous_0)
FN:16,(anonymous_1)
FN:22,getSupabaseClient
FN:31,(anonymous_3)
FN:34,verifySupabaseConnection
FN:49,oo_cm
FNF:6
FNH:0
FNDA:0,(anonymous_0)
FNDA:0,(anonymous_1)
FNDA:0,getSupabaseClient
FNDA:0,(anonymous_3)
FNDA:0,verifySupabaseConnection
FNDA:0,oo_cm
DA:10,2
DA:13,2
DA:16,2
DA:23,0
DA:24,0
DA:28,2
DA:31,2
DA:34,2
DA:35,0
DA:37,0
DA:38,0
DA:40,0
DA:49,2
LF:13
LH:7
BRDA:49,0,0,0
BRDA:49,0,1,0
BRF:2
BRH:0
end_of_record
TN:
SF:src/lib/utils.ts
FN:4,cn
FNF:1
FNH:1
FNDA:1398,cn
DA:1,2
DA:2,2
DA:4,2
DA:5,1398
LF:4
LH:4
BRF:0
BRH:0
end_of_record
TN:
SF:src/services/ChatService.ts
FN:39,(anonymous_0)
FN:82,(anonymous_1)
FN:110,(anonymous_2)
FN:131,(anonymous_3)
FN:147,(anonymous_4)
FN:154,(anonymous_5)
FNF:6
FNH:4
FNDA:3,(anonymous_0)
FNDA:2,(anonymous_1)
FNDA:1,(anonymous_2)
FNDA:2,(anonymous_3)
FNDA:0,(anonymous_4)
FNDA:0,(anonymous_5)
DA:8,1
DA:9,1
DA:10,1
DA:35,1
DA:47,3
DA:48,3
DA:55,3
DA:56,3
DA:59,3
DA:60,3
DA:63,3
DA:64,1
DA:67,3
DA:73,1
DA:75,2
DA:87,2
DA:88,2
DA:95,2
DA:96,0
DA:99,2
DA:101,2
DA:103,0
DA:111,1
DA:112,1
DA:122,1
DA:124,0
DA:132,2
DA:133,2
DA:138,2
DA:140,0
DA:148,0
DA:155,0
DA:160,1
DA:164,1
LF:34
LH:28
BRDA:43,0,0,0
BRDA:45,1,0,0
BRDA:55,2,0,3
BRDA:59,3,0,3
BRDA:63,4,0,1
BRDA:84,5,0,0
BRDA:95,6,0,0
BRF:7
BRH:3
end_of_record
TN:
SF:src/services/chat/GroupMessageService.ts
FN:21,(anonymous_0)
FN:38,(anonymous_1)
FN:87,(anonymous_2)
FN:106,(anonymous_3)
FN:120,(anonymous_4)
FN:134,(anonymous_5)
FN:135,(anonymous_6)
FN:143,(anonymous_7)
FN:210,(anonymous_8)
FN:223,oo_cm
FNF:10
FNH:0
FNDA:0,(anonymous_0)
FNDA:0,(anonymous_1)
FNDA:0,(anonymous_2)
FNDA:0,(anonymous_3)
FNDA:0,(anonymous_4)
FNDA:0,(anonymous_5)
FNDA:0,(anonymous_6)
FNDA:0,(anonymous_7)
FNDA:0,(anonymous_8)
FNDA:0,oo_cm
DA:1,1
DA:2,1
DA:3,1
DA:9,1
DA:13,0
DA:18,0
DA:19,0
DA:22,0
DA:23,0
DA:24,0
DA:27,0
DA:30,0
DA:39,0
DA:40,0
DA:43,0
DA:46,0
DA:58,0
DA:59,0
DA:62,0
DA:63,0
DA:66,0
DA:68,0
DA:71,0
DA:74,0
DA:80,0
DA:88,0
DA:95,0
DA:98,0
DA:99,0
DA:107,0
DA:108,0
DA:113,0
DA:121,0
DA:122,0
DA:123,0
DA:124,0
DA:127,0
DA:135,0
DA:136,0
DA:144,0
DA:145,0
DA:146,0
DA:147,0
DA:149,0
DA:153,0
DA:154,0
DA:156,0
DA:157,0
DA:159,0
DA:172,0
DA:174,0
DA:175,0
DA:178,0
DA:179,0
DA:185,0
DA:187,0
DA:188,0
DA:190,0
DA:197,0
DA:200,0
DA:201,0
DA:202,0
DA:211,0
DA:212,0
DA:213,0
DA:223,1
LF:66
LH:5
BRDA:40,0,0,0
BRDA:58,1,0,0
BRDA:98,2,0,0
BRDA:123,3,0,0
BRDA:144,4,0,0
BRDA:145,5,0,0
BRDA:172,6,0,0
BRDA:172,6,1,0
BRDA:178,7,0,0
BRDA:185,8,0,0
BRDA:200,9,0,0
BRDA:211,10,0,0
BRDA:223,11,0,0
BRDA:223,11,1,0
BRF:14
BRH:0
end_of_record
TN:
SF:src/services/encryption/groupMessageEncryption.ts
FN:35,generateGroupKey
FN:78,getGroupKey
FN:83,(anonymous_3)
FN:84,(anonymous_4)
FN:97,getGroupKeysMetadata
FN:110,encryptGroupMessage
FN:167,decryptGroupMessage
FN:218,rotateGroupKey
FN:226,(anonymous_9)
FN:227,(anonymous_10)
FN:245,arrayBufferToBase64
FN:257,base64ToArrayBuffer
FN:271,oo_cm
FNF:13
FNH:0
FNDA:0,generateGroupKey
FNDA:0,getGroupKey
FNDA:0,(anonymous_3)
FNDA:0,(anonymous_4)
FNDA:0,getGroupKeysMetadata
FNDA:0,encryptGroupMessage
FNDA:0,decryptGroupMessage
FNDA:0,rotateGroupKey
FNDA:0,(anonymous_9)
FNDA:0,(anonymous_10)
FNDA:0,arrayBufferToBase64
FNDA:0,base64ToArrayBuffer
FNDA:0,oo_cm
DA:8,1
DA:9,1
DA:12,1
DA:13,1
DA:14,1
DA:15,1
DA:16,1
DA:17,1
DA:35,1
DA:36,0
DA:37,0
DA:38,0
DA:41,0
DA:53,0
DA:56,0
DA:64,0
DA:65,0
DA:66,0
DA:68,0
DA:70,0
DA:71,0
DA:78,1
DA:79,0
DA:82,0
DA:83,0
DA:84,0
DA:86,0
DA:87,0
DA:91,0
DA:98,0
DA:99,0
DA:100,0
DA:102,0
DA:103,0
DA:110,1
DA:114,0
DA:116,0
DA:117,0
DA:119,0
DA:120,0
DA:124,0
DA:136,0
DA:139,0
DA:140,0
DA:143,0
DA:153,0
DA:159,0
DA:160,0
DA:167,1
DA:170,0
DA:171,0
DA:174,0
DA:176,0
DA:177,0
DA:181,0
DA:193,0
DA:194,0
DA:197,0
DA:207,0
DA:208,0
DA:210,0
DA:211,0
DA:218,1
DA:219,0
DA:221,0
DA:224,0
DA:225,0
DA:226,0
DA:227,0
DA:229,0
DA:230,0
DA:231,0
DA:232,0
DA:235,0
DA:237,0
DA:238,0
DA:246,0
DA:247,0
DA:248,0
DA:249,0
DA:251,0
DA:258,0
DA:259,0
DA:260,0
DA:261,0
DA:263,0
DA:271,1
LF:87
LH:14
BRDA:86,0,0,0
BRDA:100,1,0,0
BRDA:100,1,1,0
BRDA:119,2,0,0
BRDA:176,3,0,0
BRDA:229,4,0,0
BRDA:271,5,0,0
BRDA:271,5,1,0
BRF:8
BRH:0
end_of_record
TN:
SF:src/services/encryption/privateChatService.ts
FN:51,(anonymous_0)
FN:100,(anonymous_1)
FN:122,(anonymous_2)
FN:151,(anonymous_3)
FN:211,(anonymous_4)
FN:265,(anonymous_5)
FN:290,(anonymous_6)
FN:309,(anonymous_7)
FN:329,(anonymous_8)
FN:354,oo_cm
FNF:10
FNH:0
FNDA:0,(anonymous_0)
FNDA:0,(anonymous_1)
FNDA:0,(anonymous_2)
FNDA:0,(anonymous_3)
FNDA:0,(anonymous_4)
FNDA:0,(anonymous_5)
FNDA:0,(anonymous_6)
FNDA:0,(anonymous_7)
FNDA:0,(anonymous_8)
FNDA:0,oo_cm
DA:7,1
DA:8,1
DA:10,1
DA:52,0
DA:53,0
DA:56,0
DA:58,0
DA:63,0
DA:65,0
DA:69,0
DA:72,0
DA:81,0
DA:83,0
DA:84,0
DA:87,0
DA:92,0
DA:93,0
DA:101,0
DA:102,0
DA:110,0
DA:111,0
DA:114,0
DA:116,0
DA:118,0
DA:121,0
DA:123,0
DA:128,0
DA:129,0
DA:130,0
DA:132,0
DA:133,0
DA:137,0
DA:141,0
DA:143,0
DA:144,0
DA:160,0
DA:161,0
DA:162,0
DA:165,0
DA:166,0
DA:167,0
DA:170,0
DA:180,0
DA:186,0
DA:188,0
DA:189,0
DA:193,0
DA:201,0
DA:203,0
DA:204,0
DA:218,0
DA:220,0
DA:228,0
DA:229,0
DA:232,0
DA:235,0
DA:236,0
DA:239,0
DA:249,0
DA:251,0
DA:252,0
DA:255,0
DA:257,0
DA:258,0
DA:266,0
DA:267,0
DA:280,0
DA:282,0
DA:283,0
DA:291,0
DA:292,0
DA:297,0
DA:299,0
DA:301,0
DA:302,0
DA:310,0
DA:311,0
DA:317,0
DA:319,0
DA:321,0
DA:322,0
DA:330,0
DA:346,1
DA:347,1
DA:354,1
LF:85
LH:6
BRDA:52,0,0,0
BRDA:63,1,0,0
BRDA:63,2,0,0
BRDA:63,2,1,0
BRDA:81,3,0,0
BRDA:83,4,0,0
BRDA:100,5,0,0
BRDA:110,6,0,0
BRDA:116,7,0,0
BRDA:118,8,0,0
BRDA:128,9,0,0
BRDA:128,10,0,0
BRDA:128,10,1,0
BRDA:156,11,0,0
BRDA:165,12,0,0
BRDA:176,13,0,0
BRDA:176,13,1,0
BRDA:186,14,0,0
BRDA:188,15,0,0
BRDA:196,16,0,0
BRDA:196,16,1,0
BRDA:196,17,0,0
BRDA:196,17,1,0
BRDA:228,18,0,0
BRDA:228,19,0,0
BRDA:228,19,1,0
BRDA:235,20,0,0
BRDA:235,21,0,0
BRDA:235,21,1,0
BRDA:249,22,0,0
BRDA:251,23,0,0
BRDA:280,24,0,0
BRDA:297,25,0,0
BRDA:299,26,0,0
BRDA:299,26,1,0
BRDA:317,27,0,0
BRDA:319,28,0,0
BRDA:319,28,1,0
BRDA:354,29,0,0
BRDA:354,29,1,0
BRF:40
BRH:0
end_of_record
TN:
SF:src/utils/emojiSearchUtils.ts
FN:23,(anonymous_0)
FN:31,(anonymous_1)
FN:39,(anonymous_2)
FN:113,(anonymous_3)
FN:123,(anonymous_4)
FN:129,(anonymous_5)
FN:140,(anonymous_6)
FN:141,(anonymous_7)
FN:154,(anonymous_8)
FN:159,(anonymous_9)
FN:169,(anonymous_10)
FN:172,(anonymous_11)
FNF:12
FNH:12
FNDA:5,(anonymous_0)
FNDA:8,(anonymous_1)
FNDA:5,(anonymous_2)
FNDA:3,(anonymous_3)
FNDA:2,(anonymous_4)
FNDA:10,(anonymous_5)
FNDA:6,(anonymous_6)
FNDA:4,(anonymous_7)
FNDA:2,(anonymous_8)
FNDA:14,(anonymous_9)
FNDA:1,(anonymous_10)
FNDA:5,(anonymous_11)
DA:23,1
DA:28,5
DA:30,1
DA:33,8
DA:34,5
DA:36,3
DA:39,5
DA:42,4
DA:43,4
DA:46,4
DA:48,20
DA:49,0
DA:53,20
DA:54,20
DA:55,20
DA:56,20
DA:57,20
DA:60,20
DA:61,2
DA:62,2
DA:65,18
DA:66,3
DA:67,3
DA:70,15
DA:71,0
DA:72,0
DA:76,20
DA:77,0
DA:78,0
DA:81,20
DA:82,5
DA:83,5
DA:86,15
DA:87,0
DA:88,0
DA:92,20
DA:93,2
DA:94,2
DA:98,20
DA:100,7
DA:101,4
DA:105,7
DA:107,7
DA:112,4
DA:113,3
DA:123,1
DA:126,2
DA:129,2
DA:130,10
DA:132,10
DA:133,6
DA:136,10
DA:140,2
DA:141,6
DA:144,2
DA:154,1
DA:158,2
DA:159,14
DA:169,1
DA:172,5
LF:60
LH:53
BRDA:26,0,0,5
BRDA:28,1,0,1
BRDA:28,2,0,5
BRDA:28,2,1,4
BRDA:33,3,0,3
BRDA:33,4,0,8
BRDA:33,4,1,5
BRDA:34,5,0,2
BRDA:34,6,0,5
BRDA:34,6,1,3
BRDA:39,7,0,3
BRDA:39,7,1,2
BRDA:48,8,0,0
BRDA:48,9,0,20
BRDA:48,9,1,4
BRDA:60,10,0,2
BRDA:60,10,1,18
BRDA:65,11,0,3
BRDA:65,11,1,15
BRDA:70,12,0,0
BRDA:76,13,0,0
BRDA:76,13,1,20
BRDA:81,14,0,5
BRDA:81,14,1,15
BRDA:86,15,0,0
BRDA:92,16,0,2
BRDA:98,17,0,7
BRDA:100,18,0,4
BRDA:130,19,0,10
BRDA:130,19,1,0
BRDA:132,20,0,6
BRDA:156,21,0,0
BRF:32
BRH:26
end_of_record
TN:
SF:src/utils/encryption.ts
FN:6,(anonymous_0)
FN:9,(anonymous_1)
FN:13,(anonymous_2)
FN:17,(anonymous_3)
FN:53,(anonymous_4)
FN:56,(anonymous_5)
FN:59,(anonymous_6)
FN:89,(anonymous_7)
FN:89,(anonymous_8)
FN:89,(anonymous_9)
FN:90,(anonymous_10)
FN:90,(anonymous_11)
FN:90,(anonymous_12)
FN:92,(anonymous_13)
FN:93,(anonymous_14)
FN:94,(anonymous_15)
FN:95,(anonymous_16)
FN:96,(anonymous_17)
FN:97,(anonymous_18)
FN:99,(anonymous_19)
FN:99,(anonymous_20)
FN:100,(anonymous_21)
FN:101,(anonymous_22)
FN:108,oo_cm
FNF:24
FNH:3
FNDA:2,(anonymous_0)
FNDA:64,(anonymous_1)
FNDA:0,(anonymous_2)
FNDA:0,(anonymous_3)
FNDA:0,(anonymous_4)
FNDA:0,(anonymous_5)
FNDA:0,(anonymous_6)
FNDA:0,(anonymous_7)
FNDA:0,(anonymous_8)
FNDA:0,(anonymous_9)
FNDA:0,(anonymous_10)
FNDA:0,(anonymous_11)
FNDA:0,(anonymous_12)
FNDA:0,(anonymous_13)
FNDA:0,(anonymous_14)
FNDA:0,(anonymous_15)
FNDA:0,(anonymous_16)
FNDA:0,(anonymous_17)
FNDA:0,(anonymous_18)
FNDA:0,(anonymous_19)
FNDA:0,(anonymous_20)
FNDA:0,(anonymous_21)
FNDA:3,(anonymous_22)
FNDA:0,oo_cm
DA:6,1
DA:7,2
DA:8,2
DA:9,64
DA:13,1
DA:14,0
DA:16,0
DA:17,0
DA:20,0
DA:21,0
DA:24,0
DA:25,0
DA:34,0
DA:41,0
DA:45,0
DA:47,0
DA:48,0
DA:53,1
DA:54,0
DA:56,0
DA:59,0
DA:62,0
DA:63,0
DA:64,0
DA:73,0
DA:80,0
DA:81,0
DA:83,0
DA:84,0
DA:89,1
DA:90,1
DA:91,1
DA:92,1
DA:93,1
DA:94,1
DA:95,1
DA:96,1
DA:97,1
DA:99,1
DA:100,1
DA:101,4
DA:108,1
LF:42
LH:19
BRDA:108,0,0,0
BRDA:108,0,1,0
BRF:2
BRH:0
end_of_record
TN:
SF:src/utils/encryption/data-conversion.ts
FN:8,(anonymous_0)
FN:14,(anonymous_1)
FN:20,(anonymous_2)
FN:22,(anonymous_3)
FN:27,(anonymous_4)
FN:37,(anonymous_5)
FN:38,(anonymous_6)
FN:43,(anonymous_7)
FN:45,(anonymous_8)
FNF:9
FNH:0
FNDA:0,(anonymous_0)
FNDA:0,(anonymous_1)
FNDA:0,(anonymous_2)
FNDA:0,(anonymous_3)
FNDA:0,(anonymous_4)
FNDA:0,(anonymous_5)
FNDA:0,(anonymous_6)
FNDA:0,(anonymous_7)
FNDA:0,(anonymous_8)
DA:8,2
DA:9,0
DA:10,0
DA:14,2
DA:15,0
DA:16,0
DA:20,2
DA:21,0
DA:22,0
DA:23,0
DA:27,2
DA:28,0
DA:29,0
DA:30,0
DA:31,0
DA:33,0
DA:37,2
DA:38,0
DA:39,0
DA:43,2
DA:44,0
DA:45,0
LF:22
LH:6
BRF:0
BRH:0
end_of_record
TN:
SF:src/utils/encryption/group.ts
FN:10,(anonymous_0)
FN:36,(anonymous_1)
FN:61,oo_cm
FNF:3
FNH:0
FNDA:0,(anonymous_0)
FNDA:0,(anonymous_1)
FNDA:0,oo_cm
DA:6,1
DA:7,1
DA:10,1
DA:14,0
DA:15,0
DA:18,0
DA:26,0
DA:28,0
DA:30,0
DA:31,0
DA:36,1
DA:37,0
DA:38,0
DA:44,0
DA:45,0
DA:46,0
DA:49,0
DA:51,0
DA:52,0
DA:61,1
LF:20
LH:5
BRDA:26,0,0,0
BRDA:44,1,0,0
BRDA:45,2,0,0
BRDA:45,3,0,0
BRDA:45,3,1,0
BRDA:61,4,0,0
BRDA:61,4,1,0
BRF:7
BRH:0
end_of_record
TN:
SF:src/utils/encryption/key-management.ts
FN:6,(anonymous_0)
FN:41,(anonymous_1)
FN:65,(anonymous_2)
FN:70,(anonymous_3)
FN:75,(anonymous_4)
FN:102,(anonymous_5)
FN:105,(anonymous_6)
FN:108,(anonymous_7)
FN:113,(anonymous_8)
FN:119,(anonymous_9)
FN:131,(anonymous_10)
FN:146,oo_cm
FNF:12
FNH:1
FNDA:3,(anonymous_0)
FNDA:0,(anonymous_1)
FNDA:0,(anonymous_2)
FNDA:0,(anonymous_3)
FNDA:0,(anonymous_4)
FNDA:0,(anonymous_5)
FNDA:0,(anonymous_6)
FNDA:0,(anonymous_7)
FNDA:0,(anonymous_8)
FNDA:0,(anonymous_9)
FNDA:0,(anonymous_10)
FNDA:0,oo_cm
DA:6,2
DA:7,3
DA:8,3
DA:17,3
DA:22,3
DA:27,3
DA:32,0
DA:33,0
DA:41,2
DA:42,0
DA:44,0
DA:54,0
DA:57,0
DA:59,0
DA:60,0
DA:65,2
DA:67,0
DA:70,2
DA:72,0
DA:75,2
DA:76,0
DA:77,0
DA:78,0
DA:80,0
DA:88,0
DA:102,2
DA:103,0
DA:104,0
DA:105,0
DA:108,2
DA:109,0
DA:110,0
DA:111,0
DA:112,0
DA:113,0
DA:119,2
DA:120,0
DA:121,0
DA:122,0
DA:123,0
DA:125,0
DA:131,2
DA:132,0
DA:133,0
DA:134,0
DA:135,0
DA:136,0
DA:138,0
DA:146,2
LF:49
LH:15
BRDA:146,0,0,0
BRDA:146,0,1,0
BRF:2
BRH:0
end_of_record
TN:
SF:src/utils/encryption/media.ts
FN:9,(anonymous_0)
FN:15,(anonymous_1)
FN:18,(anonymous_2)
FN:54,(anonymous_3)
FN:60,(anonymous_4)
FN:63,(anonymous_5)
FN:99,(anonymous_6)
FN:108,(anonymous_7)
FN:122,(anonymous_8)
FN:148,oo_cm
FNF:10
FNH:0
FNDA:0,(anonymous_0)
FNDA:0,(anonymous_1)
FNDA:0,(anonymous_2)
FNDA:0,(anonymous_3)
FNDA:0,(anonymous_4)
FNDA:0,(anonymous_5)
FNDA:0,(anonymous_6)
FNDA:0,(anonymous_7)
FNDA:0,(anonymous_8)
FNDA:0,oo_cm
DA:6,1
DA:9,1
DA:12,0
DA:14,0
DA:15,0
DA:17,0
DA:18,0
DA:21,0
DA:30,0
DA:33,0
DA:40,0
DA:42,0
DA:48,0
DA:49,0
DA:54,1
DA:57,0
DA:59,0
DA:60,0
DA:62,0
DA:63,0
DA:66,0
DA:75,0
DA:78,0
DA:85,0
DA:87,0
DA:93,0
DA:94,0
DA:99,1
DA:105,0
DA:107,0
DA:108,0
DA:112,0
DA:121,0
DA:122,0
DA:126,0
DA:129,0
DA:136,0
DA:138,0
DA:139,0
DA:148,1
LF:40
LH:5
BRDA:103,0,0,0
BRDA:148,1,0,0
BRDA:148,1,1,0
BRF:3
BRH:0
end_of_record
TN:
SF:src/utils/encryption/message-encryption.ts
FN:10,(anonymous_0)
FN:13,(anonymous_1)
FN:17,(anonymous_2)
FN:22,(anonymous_3)
FN:48,(anonymous_4)
FN:55,(anonymous_5)
FN:80,(anonymous_6)
FN:82,(anonymous_7)
FN:98,oo_cm
FNF:9
FNH:0
FNDA:0,(anonymous_0)
FNDA:0,(anonymous_1)
FNDA:0,(anonymous_2)
FNDA:0,(anonymous_3)
FNDA:0,(anonymous_4)
FNDA:0,(anonymous_5)
FNDA:0,(anonymous_6)
FNDA:0,(anonymous_7)
FNDA:0,oo_cm
DA:6,2
DA:10,2
DA:11,0
DA:12,0
DA:13,0
DA:17,2
DA:18,0
DA:20,0
DA:21,0
DA:22,0
DA:25,0
DA:28,0
DA:29,0
DA:31,0
DA:38,0
DA:40,0
DA:42,0
DA:43,0
DA:48,2
DA:53,0
DA:55,0
DA:58,0
DA:61,0
DA:64,0
DA:71,0
DA:72,0
DA:74,0
DA:75,0
DA:80,2
DA:82,0
DA:84,0
DA:98,2
LF:32
LH:6
BRDA:98,0,0,0
BRDA:98,0,1,0
BRF:2
BRH:0
end_of_record
TN:
SF:src/utils/encryption/secure-connection.ts
FN:7,(anonymous_0)
FN:63,oo_cm
FNF:2
FNH:0
FNDA:0,(anonymous_0)
FNDA:0,oo_cm
DA:7,1
DA:12,0
DA:14,0
DA:25,0
DA:37,0
DA:51,0
DA:53,0
DA:54,0
DA:63,1
LF:9
LH:2
BRDA:63,0,0,0
BRDA:63,0,1,0
BRF:2
BRH:0
end_of_record
TN:
SF:src/utils/security/crypto-utils.ts
FN:12,getRandomBytes
FN:29,getRandomString
FN:32,(anonymous_2)
FN:39,generateSecureId
FN:46,deriveKeyFromPassword
FN:83,sha256Hash
FN:91,hmacSha256
FN:110,generateEncryptionKey
FN:121,exportKey
FN:129,importAesGcmKey
FN:142,encryptData
FN:170,decryptData
FN:194,constantTimeEqual
FN:212,secureWipe
FN:229,(anonymous_14)
FN:239,(anonymous_15)
FN:258,(anonymous_16)
FN:277,(anonymous_17)
FN:322,(anonymous_18)
FN:332,(anonymous_19)
FN:339,(anonymous_20)
FN:345,(anonymous_21)
FN:356,hkdfExtract
FN:375,hkdfExpand
FN:417,generateSafetyNumber
FN:428,(anonymous_25)
FN:448,compareUint8Arrays
FN:460,concatenateArrays
FN:480,deriveSharedSecretX3DH
FN:508,deriveSharedSecret
FN:521,generateECDHKeyPair
FN:532,generateFingerprint
FN:538,(anonymous_32)
FN:545,generateVerificationPhrase
FN:557,(anonymous_34)
FN:575,oo_cm
FNF:36
FNH:1
FNDA:2,getRandomBytes
FNDA:0,getRandomString
FNDA:0,(anonymous_2)
FNDA:0,generateSecureId
FNDA:0,deriveKeyFromPassword
FNDA:0,sha256Hash
FNDA:0,hmacSha256
FNDA:0,generateEncryptionKey
FNDA:0,exportKey
FNDA:0,importAesGcmKey
FNDA:0,encryptData
FNDA:0,decryptData
FNDA:0,constantTimeEqual
FNDA:0,secureWipe
FNDA:0,(anonymous_14)
FNDA:0,(anonymous_15)
FNDA:0,(anonymous_16)
FNDA:0,(anonymous_17)
FNDA:0,(anonymous_18)
FNDA:0,(anonymous_19)
FNDA:0,(anonymous_20)
FNDA:0,(anonymous_21)
FNDA:0,hkdfExtract
FNDA:0,hkdfExpand
FNDA:0,generateSafetyNumber
FNDA:0,(anonymous_25)
FNDA:0,compareUint8Arrays
FNDA:0,concatenateArrays
FNDA:0,deriveSharedSecretX3DH
FNDA:0,deriveSharedSecret
FNDA:0,generateECDHKeyPair
FNDA:0,generateFingerprint
FNDA:0,(anonymous_32)
FNDA:0,generateVerificationPhrase
FNDA:0,(anonymous_34)
FNDA:0,oo_cm
DA:12,2
DA:13,2
DA:14,2
DA:15,2
DA:18,0
DA:19,0
DA:21,0
DA:23,2
DA:29,2
DA:30,0
DA:31,0
DA:32,0
DA:39,2
DA:40,0
DA:46,2
DA:53,0
DA:54,0
DA:57,0
DA:66,0
DA:77,0
DA:83,2
DA:84,0
DA:85,0
DA:91,2
DA:93,0
DA:102,0
DA:104,0
DA:110,2
DA:111,0
DA:121,2
DA:122,0
DA:123,0
DA:129,2
DA:130,0
DA:142,2
DA:148,0
DA:151,0
DA:161,0
DA:170,2
DA:177,0
DA:187,0
DA:194,2
DA:195,0
DA:196,0
DA:199,0
DA:200,0
DA:203,0
DA:206,0
DA:212,2
DA:213,0
DA:214,0
DA:220,2
DA:224,0
DA:225,0
DA:226,0
DA:227,0
DA:230,0
DA:232,0
DA:233,0
DA:241,0
DA:244,0
DA:247,0
DA:248,0
DA:251,0
DA:252,0
DA:260,0
DA:263,0
DA:266,0
DA:268,0
DA:279,0
DA:280,0
DA:281,0
DA:282,0
DA:286,0
DA:287,0
DA:291,0
DA:292,0
DA:296,0
DA:297,0
DA:300,0
DA:301,0
DA:302,0
DA:305,0
DA:306,0
DA:310,0
DA:313,0
DA:314,0
DA:316,0
DA:323,0
DA:324,0
DA:326,0
DA:333,0
DA:340,0
DA:341,0
DA:342,0
DA:345,0
DA:346,0
DA:348,0
DA:356,2
DA:358,0
DA:367,0
DA:368,0
DA:375,2
DA:377,0
DA:385,0
DA:386,0
DA:387,0
DA:390,0
DA:392,0
DA:394,0
DA:395,0
DA:396,0
DA:397,0
DA:399,0
DA:400,0
DA:403,0
DA:404,0
DA:405,0
DA:408,0
DA:411,0
DA:417,2
DA:420,0
DA:421,0
DA:423,0
DA:427,0
DA:428,0
DA:432,0
DA:433,0
DA:434,0
DA:435,0
DA:436,0
DA:437,0
DA:439,0
DA:442,0
DA:449,0
DA:450,0
DA:451,0
DA:452,0
DA:454,0
DA:461,0
DA:462,0
DA:463,0
DA:466,0
DA:467,0
DA:468,0
DA:469,0
DA:470,0
DA:473,0
DA:480,2
DA:487,0
DA:490,0
DA:493,0
DA:496,0
DA:499,0
DA:500,0
DA:501,0
DA:502,0
DA:509,0
DA:515,0
DA:521,2
DA:522,0
DA:532,2
DA:534,0
DA:537,0
DA:538,0
DA:545,2
DA:548,0
DA:556,0
DA:557,0
DA:560,0
DA:561,0
DA:562,0
DA:563,0
DA:567,0
DA:575,2
LF:175
LH:26
BRDA:14,0,0,2
BRDA:14,0,1,0
BRDA:49,1,0,0
BRDA:50,2,0,0
BRDA:195,3,0,0
BRDA:279,4,0,0
BRDA:286,5,0,0
BRDA:291,6,0,0
BRDA:420,7,0,0
BRDA:420,7,1,0
BRDA:434,8,0,0
BRDA:434,8,1,0
BRDA:434,9,0,0
BRDA:434,9,1,0
BRDA:436,10,0,0
BRDA:451,11,0,0
BRDA:452,12,0,0
BRDA:561,13,0,0
BRDA:575,14,0,0
BRDA:575,14,1,0
BRF:20
BRH:1
end_of_record
TN:
SF:src/utils/security/secure-key-storage.ts
FN:28,(anonymous_0)
FN:30,(anonymous_1)
FN:36,(anonymous_2)
FN:45,(anonymous_3)
FN:57,(anonymous_4)
FN:86,(anonymous_5)
FN:112,(anonymous_6)
FN:130,(anonymous_7)
FN:145,(anonymous_8)
FN:163,(anonymous_9)
FN:172,(anonymous_10)
FN:177,(anonymous_11)
FN:184,(anonymous_12)
FN:192,(anonymous_13)
FN:200,(anonymous_14)
FN:219,oo_cm
FNF:16
FNH:6
FNDA:5,(anonymous_0)
FNDA:0,(anonymous_1)
FNDA:0,(anonymous_2)
FNDA:0,(anonymous_3)
FNDA:2,(anonymous_4)
FNDA:4,(anonymous_5)
FNDA:1,(anonymous_6)
FNDA:0,(anonymous_7)
FNDA:0,(anonymous_8)
FNDA:0,(anonymous_9)
FNDA:0,(anonymous_10)
FNDA:0,(anonymous_11)
FNDA:0,(anonymous_12)
FNDA:3,(anonymous_13)
FNDA:1,(anonymous_14)
FNDA:0,oo_cm
DA:11,2
DA:21,2
DA:22,5
DA:23,5
DA:24,5
DA:25,5
DA:26,5
DA:30,5
DA:31,0
DA:35,5
DA:36,5
DA:37,0
DA:38,0
DA:44,5
DA:45,5
DA:46,0
DA:58,2
DA:60,2
DA:61,2
DA:63,2
DA:65,2
DA:73,2
DA:74,2
DA:76,0
DA:77,0
DA:87,4
DA:88,4
DA:91,2
DA:94,2
DA:97,0
DA:101,2
DA:102,2
DA:104,2
DA:113,1
DA:114,1
DA:117,1
DA:118,1
DA:121,1
DA:122,1
DA:131,0
DA:132,0
DA:135,0
DA:136,0
DA:146,0
DA:149,0
DA:152,0
DA:153,0
DA:154,0
DA:157,0
DA:166,0
DA:173,0
DA:174,0
DA:177,0
DA:178,0
DA:179,0
DA:184,0
DA:185,0
DA:194,3
DA:195,3
DA:196,3
DA:200,3
DA:201,1
DA:202,1
DA:206,3
DA:211,2
DA:212,2
DA:219,2
LF:67
LH:42
BRDA:35,0,0,5
BRDA:37,1,0,0
BRDA:44,2,0,5
BRDA:88,3,0,2
BRDA:94,4,0,0
BRDA:114,5,0,0
BRDA:132,6,0,0
BRDA:152,7,0,0
BRDA:178,8,0,0
BRDA:194,9,0,3
BRDA:219,10,0,0
BRDA:219,10,1,0
BRF:12
BRH:4
end_of_record
TN:
SF:src/utils/security/network/certificate-pinning.ts
FN:9,createPinnedFetch
FN:13,(anonymous_1)
FN:51,(anonymous_2)
FN:59,validateServerCertificate
FN:84,(anonymous_4)
FN:95,oo_cm
FNF:6
FNH:1
FNDA:2,createPinnedFetch
FNDA:0,(anonymous_1)
FNDA:0,(anonymous_2)
FNDA:0,validateServerCertificate
FNDA:0,(anonymous_4)
FNDA:0,oo_cm
DA:9,2
DA:13,2
DA:14,0
DA:16,0
DA:19,0
DA:22,0
DA:26,0
DA:28,0
DA:30,0
DA:31,0
DA:33,0
DA:37,0
DA:40,0
DA:41,0
DA:44,0
DA:50,2
DA:52,0
DA:53,0
DA:64,0
DA:65,0
DA:69,0
DA:78,2
DA:85,0
DA:95,2
LF:24
LH:5
BRDA:19,0,0,0
BRDA:19,0,1,0
BRDA:19,1,0,0
BRDA:19,1,1,0
BRDA:30,2,0,0
BRDA:30,2,1,0
BRDA:40,3,0,0
BRDA:40,4,0,0
BRDA:40,4,1,0
BRDA:95,5,0,0
BRDA:95,5,1,0
BRF:11
BRH:0
end_of_record
TN:
SF:src/utils/webrtc/webrtc-manager.ts
FN:24,(anonymous_0)
FN:40,(anonymous_1)
FN:51,(anonymous_2)
FN:57,(anonymous_3)
FN:75,(anonymous_4)
FN:92,(anonymous_5)
FN:114,(anonymous_6)
FN:131,(anonymous_7)
FN:155,(anonymous_8)
FN:178,(anonymous_9)
FN:182,(anonymous_10)
FN:186,(anonymous_11)
FN:190,(anonymous_12)
FN:194,(anonymous_13)
FN:199,(anonymous_14)
FN:208,(anonymous_15)
FN:213,(anonymous_16)
FN:218,(anonymous_17)
FN:246,oo_cm
FNF:19
FNH:18
FNDA:15,(anonymous_0)
FNDA:15,(anonymous_1)
FNDA:16,(anonymous_2)
FNDA:0,(anonymous_3)
FNDA:1,(anonymous_4)
FNDA:1,(anonymous_5)
FNDA:1,(anonymous_6)
FNDA:2,(anonymous_7)
FNDA:1,(anonymous_8)
FNDA:1,(anonymous_9)
FNDA:1,(anonymous_10)
FNDA:1,(anonymous_11)
FNDA:1,(anonymous_12)
FNDA:1,(anonymous_13)
FNDA:1,(anonymous_14)
FNDA:2,(anonymous_15)
FNDA:1,(anonymous_16)
FNDA:1,(anonymous_17)
FNDA:16,oo_cm
DA:1,1
DA:2,1
DA:3,1
DA:4,1
DA:5,1
DA:6,1
DA:9,1
DA:15,15
DA:16,15
DA:17,15
DA:18,15
DA:21,15
DA:22,15
DA:25,15
DA:28,15
DA:30,15
DA:31,15
DA:32,15
DA:33,15
DA:34,15
DA:36,15
DA:37,15
DA:41,15
DA:42,15
DA:43,15
DA:45,15
DA:47,0
DA:52,16
DA:53,1
DA:56,16
DA:58,0
DA:61,0
DA:62,0
DA:63,0
DA:64,0
DA:68,0
DA:72,16
DA:76,1
DA:77,1
DA:80,1
DA:82,0
DA:85,1
DA:87,0
DA:88,0
DA:93,1
DA:94,1
DA:96,0
DA:99,0
DA:100,0
DA:101,0
DA:103,0
DA:105,0
DA:106,0
DA:109,0
DA:115,1
DA:118,1
DA:121,1
DA:124,1
DA:125,1
DA:128,1
DA:132,2
DA:134,2
DA:135,1
DA:138,1
DA:139,1
DA:140,1
DA:143,1
DA:144,1
DA:145,1
DA:147,1
DA:148,2
DA:149,1
DA:150,1
DA:154,1
DA:155,1
DA:156,1
DA:159,1
DA:160,0
DA:163,0
DA:164,0
DA:167,0
DA:171,2
DA:173,0
DA:174,0
DA:179,1
DA:183,1
DA:187,1
DA:191,1
DA:195,1
DA:200,1
DA:201,0
DA:204,1
DA:209,2
DA:214,1
DA:219,1
DA:220,1
DA:222,0
DA:226,1
DA:232,1
DA:233,1
DA:235,0
DA:236,0
DA:246,16
LF:103
LH:75
BRDA:26,0,0,15
BRDA:28,1,0,15
BRDA:52,2,0,1
BRDA:61,3,0,0
BRDA:61,4,0,0
BRDA:61,4,1,0
BRDA:63,5,0,0
BRDA:80,6,0,0
BRDA:80,7,0,1
BRDA:80,7,1,1
BRDA:92,8,0,1
BRDA:99,9,0,0
BRDA:99,9,1,0
BRDA:134,10,0,1
BRDA:138,11,0,1
BRDA:138,11,1,0
BRDA:147,12,0,2
BRDA:147,12,1,2
BRDA:148,13,0,1
BRDA:159,14,0,0
BRDA:179,15,0,1
BRDA:179,15,1,0
BRDA:200,16,0,0
BRDA:220,17,0,0
BRDA:246,18,0,16
BRDA:246,18,1,1
BRF:26
BRH:14
end_of_record
TN:
SF:tests/testUtils.tsx
FN:8,(anonymous_5)
FN:34,(anonymous_6)
FN:40,(anonymous_7)
FN:57,(anonymous_8)
FN:81,(anonymous_9)
FN:88,(anonymous_10)
FN:101,(anonymous_11)
FN:108,(anonymous_12)
FNF:8
FNH:7
FNDA:21,(anonymous_5)
FNDA:3,(anonymous_6)
FNDA:18,(anonymous_7)
FNDA:21,(anonymous_8)
FNDA:21,(anonymous_9)
FNDA:21,(anonymous_10)
FNDA:3,(anonymous_11)
FNDA:0,(anonymous_12)
DA:1,2
DA:2,2
DA:3,2
DA:4,2
DA:5,2
DA:8,21
DA:23,2
DA:34,2
DA:35,3
DA:40,2
DA:41,18
DA:57,2
DA:62,21
DA:70,21
DA:81,2
DA:85,21
DA:87,21
DA:89,21
DA:101,2
DA:102,3
DA:108,2
DA:109,0
DA:110,0
DA:117,2
DA:120,2
LF:25
LH:23
BRDA:8,0,0,0
BRDA:34,1,0,0
BRDA:59,2,0,21
BRDA:60,3,0,18
BRDA:83,4,0,18
BRDA:101,5,0,0
BRDA:101,6,0,3
BRDA:108,7,0,0
BRDA:109,8,0,0
BRDA:109,8,1,0
BRF:10
BRH:4
end_of_record
